{"/Users/amabayar/Code/test_project/server/gameLogic.js": {"path":"/Users/amabayar/Code/test_project/server/gameLogic.js","statementMap":{"0":{"start":{"line":5,"column":14},"end":{"line":5,"column":34}},"1":{"start":{"line":6,"column":14},"end":{"line":6,"column":65}},"2":{"start":{"line":7,"column":20},"end":{"line":10,"column":1}},"3":{"start":{"line":14,"column":2},"end":{"line":14,"column":60}},"4":{"start":{"line":18,"column":2},"end":{"line":18,"column":26}},"5":{"start":{"line":18,"column":13},"end":{"line":18,"column":26}},"6":{"start":{"line":19,"column":2},"end":{"line":19,"column":33}},"7":{"start":{"line":19,"column":21},"end":{"line":19,"column":33}},"8":{"start":{"line":20,"column":2},"end":{"line":20,"column":33}},"9":{"start":{"line":24,"column":2},"end":{"line":24,"column":25}},"10":{"start":{"line":24,"column":13},"end":{"line":24,"column":25}},"11":{"start":{"line":25,"column":2},"end":{"line":25,"column":37}},"12":{"start":{"line":25,"column":26},"end":{"line":25,"column":37}},"13":{"start":{"line":26,"column":2},"end":{"line":26,"column":37}},"14":{"start":{"line":26,"column":26},"end":{"line":26,"column":37}},"15":{"start":{"line":27,"column":2},"end":{"line":27,"column":14}},"16":{"start":{"line":31,"column":19},"end":{"line":31,"column":70}},"17":{"start":{"line":34,"column":13},"end":{"line":34,"column":39}},"18":{"start":{"line":35,"column":13},"end":{"line":35,"column":39}},"19":{"start":{"line":36,"column":2},"end":{"line":36,"column":25}},"20":{"start":{"line":36,"column":15},"end":{"line":36,"column":25}},"21":{"start":{"line":37,"column":2},"end":{"line":37,"column":24}},"22":{"start":{"line":37,"column":15},"end":{"line":37,"column":24}},"23":{"start":{"line":38,"column":2},"end":{"line":38,"column":11}},"24":{"start":{"line":43,"column":2},"end":{"line":46,"column":3}},"25":{"start":{"line":44,"column":4},"end":{"line":44,"column":36}},"26":{"start":{"line":44,"column":27},"end":{"line":44,"column":36}},"27":{"start":{"line":45,"column":4},"end":{"line":45,"column":36}},"28":{"start":{"line":47,"column":2},"end":{"line":47,"column":27}},"29":{"start":{"line":47,"column":18},"end":{"line":47,"column":27}},"30":{"start":{"line":48,"column":2},"end":{"line":48,"column":28}},"31":{"start":{"line":48,"column":18},"end":{"line":48,"column":28}},"32":{"start":{"line":50,"column":17},"end":{"line":50,"column":38}},"33":{"start":{"line":51,"column":17},"end":{"line":51,"column":38}},"34":{"start":{"line":52,"column":2},"end":{"line":54,"column":3}},"35":{"start":{"line":53,"column":4},"end":{"line":53,"column":39}},"36":{"start":{"line":55,"column":2},"end":{"line":55,"column":34}},"37":{"start":{"line":55,"column":25},"end":{"line":55,"column":34}},"38":{"start":{"line":56,"column":2},"end":{"line":56,"column":35}},"39":{"start":{"line":56,"column":25},"end":{"line":56,"column":35}},"40":{"start":{"line":59,"column":2},"end":{"line":61,"column":3}},"41":{"start":{"line":60,"column":4},"end":{"line":60,"column":39}},"42":{"start":{"line":63,"column":2},"end":{"line":63,"column":11}},"43":{"start":{"line":67,"column":2},"end":{"line":67,"column":39}},"44":{"start":{"line":67,"column":26},"end":{"line":67,"column":39}},"45":{"start":{"line":70,"column":2},"end":{"line":72,"column":3}},"46":{"start":{"line":71,"column":4},"end":{"line":71,"column":55}},"47":{"start":{"line":75,"column":2},"end":{"line":75,"column":37}},"48":{"start":{"line":75,"column":25},"end":{"line":75,"column":37}},"49":{"start":{"line":76,"column":2},"end":{"line":76,"column":34}},"50":{"start":{"line":76,"column":21},"end":{"line":76,"column":34}},"51":{"start":{"line":78,"column":20},"end":{"line":78,"column":44}},"52":{"start":{"line":79,"column":20},"end":{"line":79,"column":48}},"53":{"start":{"line":81,"column":2},"end":{"line":83,"column":3}},"54":{"start":{"line":82,"column":4},"end":{"line":82,"column":53}},"55":{"start":{"line":84,"column":2},"end":{"line":84,"column":44}},"56":{"start":{"line":84,"column":31},"end":{"line":84,"column":44}},"57":{"start":{"line":85,"column":2},"end":{"line":85,"column":43}},"58":{"start":{"line":85,"column":31},"end":{"line":85,"column":43}},"59":{"start":{"line":86,"column":2},"end":{"line":88,"column":3}},"60":{"start":{"line":87,"column":4},"end":{"line":87,"column":53}},"61":{"start":{"line":89,"column":2},"end":{"line":89,"column":15}},"62":{"start":{"line":93,"column":2},"end":{"line":93,"column":51}},"63":{"start":{"line":93,"column":38},"end":{"line":93,"column":51}},"64":{"start":{"line":94,"column":2},"end":{"line":94,"column":74}},"65":{"start":{"line":94,"column":27},"end":{"line":94,"column":72}},"66":{"start":{"line":98,"column":2},"end":{"line":98,"column":65}},"67":{"start":{"line":98,"column":27},"end":{"line":98,"column":63}},"68":{"start":{"line":102,"column":2},"end":{"line":102,"column":67}},"69":{"start":{"line":102,"column":29},"end":{"line":102,"column":65}},"70":{"start":{"line":107,"column":2},"end":{"line":107,"column":105}},"71":{"start":{"line":107,"column":92},"end":{"line":107,"column":105}},"72":{"start":{"line":110,"column":21},"end":{"line":110,"column":23}},"73":{"start":{"line":111,"column":19},"end":{"line":111,"column":20}},"74":{"start":{"line":113,"column":2},"end":{"line":119,"column":5}},"75":{"start":{"line":114,"column":4},"end":{"line":118,"column":5}},"76":{"start":{"line":115,"column":6},"end":{"line":115,"column":19}},"77":{"start":{"line":117,"column":6},"end":{"line":117,"column":63}},"78":{"start":{"line":122,"column":26},"end":{"line":122,"column":51}},"79":{"start":{"line":124,"column":2},"end":{"line":220,"column":3}},"80":{"start":{"line":129,"column":22},"end":{"line":129,"column":72}},"81":{"start":{"line":129,"column":54},"end":{"line":129,"column":64}},"82":{"start":{"line":132,"column":4},"end":{"line":134,"column":5}},"83":{"start":{"line":133,"column":6},"end":{"line":133,"column":18}},"84":{"start":{"line":137,"column":4},"end":{"line":140,"column":5}},"85":{"start":{"line":139,"column":6},"end":{"line":139,"column":18}},"86":{"start":{"line":143,"column":4},"end":{"line":151,"column":5}},"87":{"start":{"line":147,"column":29},"end":{"line":147,"column":70}},"88":{"start":{"line":147,"column":59},"end":{"line":147,"column":69}},"89":{"start":{"line":148,"column":6},"end":{"line":150,"column":7}},"90":{"start":{"line":149,"column":8},"end":{"line":149,"column":20}},"91":{"start":{"line":153,"column":4},"end":{"line":153,"column":17}},"92":{"start":{"line":155,"column":9},"end":{"line":220,"column":3}},"93":{"start":{"line":161,"column":22},"end":{"line":161,"column":23}},"94":{"start":{"line":164,"column":4},"end":{"line":169,"column":7}},"95":{"start":{"line":165,"column":6},"end":{"line":168,"column":7}},"96":{"start":{"line":167,"column":8},"end":{"line":167,"column":49}},"97":{"start":{"line":173,"column":23},"end":{"line":173,"column":53}},"98":{"start":{"line":174,"column":4},"end":{"line":174,"column":30}},"99":{"start":{"line":177,"column":4},"end":{"line":179,"column":5}},"100":{"start":{"line":178,"column":6},"end":{"line":178,"column":18}},"101":{"start":{"line":183,"column":22},"end":{"line":183,"column":72}},"102":{"start":{"line":183,"column":54},"end":{"line":183,"column":64}},"103":{"start":{"line":186,"column":4},"end":{"line":212,"column":5}},"104":{"start":{"line":194,"column":6},"end":{"line":197,"column":7}},"105":{"start":{"line":196,"column":8},"end":{"line":196,"column":20}},"106":{"start":{"line":200,"column":22},"end":{"line":200,"column":73}},"107":{"start":{"line":200,"column":54},"end":{"line":200,"column":65}},"108":{"start":{"line":203,"column":6},"end":{"line":205,"column":7}},"109":{"start":{"line":204,"column":8},"end":{"line":204,"column":20}},"110":{"start":{"line":209,"column":6},"end":{"line":211,"column":7}},"111":{"start":{"line":210,"column":8},"end":{"line":210,"column":20}},"112":{"start":{"line":215,"column":4},"end":{"line":217,"column":5}},"113":{"start":{"line":216,"column":6},"end":{"line":216,"column":18}},"114":{"start":{"line":219,"column":4},"end":{"line":219,"column":17}},"115":{"start":{"line":222,"column":2},"end":{"line":222,"column":15}},"116":{"start":{"line":226,"column":2},"end":{"line":226,"column":67}},"117":{"start":{"line":226,"column":54},"end":{"line":226,"column":67}},"118":{"start":{"line":228,"column":2},"end":{"line":228,"column":62}},"119":{"start":{"line":228,"column":49},"end":{"line":228,"column":62}},"120":{"start":{"line":230,"column":21},"end":{"line":230,"column":81}},"121":{"start":{"line":230,"column":51},"end":{"line":230,"column":80}},"122":{"start":{"line":231,"column":25},"end":{"line":231,"column":89}},"123":{"start":{"line":231,"column":59},"end":{"line":231,"column":88}},"124":{"start":{"line":233,"column":2},"end":{"line":237,"column":3}},"125":{"start":{"line":233,"column":15},"end":{"line":233,"column":16}},"126":{"start":{"line":234,"column":4},"end":{"line":236,"column":5}},"127":{"start":{"line":235,"column":6},"end":{"line":235,"column":19}},"128":{"start":{"line":239,"column":2},"end":{"line":239,"column":14}},"129":{"start":{"line":243,"column":2},"end":{"line":243,"column":79}},"130":{"start":{"line":243,"column":66},"end":{"line":243,"column":79}},"131":{"start":{"line":244,"column":2},"end":{"line":244,"column":62}},"132":{"start":{"line":244,"column":49},"end":{"line":244,"column":62}},"133":{"start":{"line":246,"column":2},"end":{"line":250,"column":3}},"134":{"start":{"line":246,"column":15},"end":{"line":246,"column":16}},"135":{"start":{"line":247,"column":4},"end":{"line":249,"column":5}},"136":{"start":{"line":248,"column":6},"end":{"line":248,"column":19}},"137":{"start":{"line":252,"column":2},"end":{"line":252,"column":14}},"138":{"start":{"line":256,"column":2},"end":{"line":256,"column":30}},"139":{"start":{"line":256,"column":18},"end":{"line":256,"column":30}},"140":{"start":{"line":258,"column":2},"end":{"line":268,"column":3}},"141":{"start":{"line":259,"column":4},"end":{"line":261,"column":5}},"142":{"start":{"line":260,"column":6},"end":{"line":260,"column":19}},"143":{"start":{"line":263,"column":4},"end":{"line":265,"column":5}},"144":{"start":{"line":264,"column":6},"end":{"line":264,"column":19}},"145":{"start":{"line":267,"column":4},"end":{"line":267,"column":71}},"146":{"start":{"line":270,"column":2},"end":{"line":272,"column":3}},"147":{"start":{"line":271,"column":4},"end":{"line":271,"column":76}},"148":{"start":{"line":271,"column":39},"end":{"line":271,"column":74}},"149":{"start":{"line":274,"column":2},"end":{"line":274,"column":15}},"150":{"start":{"line":279,"column":2},"end":{"line":279,"column":29}},"151":{"start":{"line":279,"column":17},"end":{"line":279,"column":29}},"152":{"start":{"line":282,"column":2},"end":{"line":300,"column":3}},"153":{"start":{"line":284,"column":4},"end":{"line":286,"column":5}},"154":{"start":{"line":285,"column":6},"end":{"line":285,"column":19}},"155":{"start":{"line":288,"column":4},"end":{"line":290,"column":5}},"156":{"start":{"line":289,"column":6},"end":{"line":289,"column":48}},"157":{"start":{"line":292,"column":4},"end":{"line":294,"column":5}},"158":{"start":{"line":293,"column":6},"end":{"line":293,"column":18}},"159":{"start":{"line":296,"column":4},"end":{"line":298,"column":5}},"160":{"start":{"line":297,"column":6},"end":{"line":297,"column":48}},"161":{"start":{"line":299,"column":4},"end":{"line":299,"column":17}},"162":{"start":{"line":303,"column":2},"end":{"line":303,"column":44}},"163":{"start":{"line":308,"column":2},"end":{"line":308,"column":66}},"164":{"start":{"line":308,"column":35},"end":{"line":308,"column":64}},"165":{"start":{"line":313,"column":2},"end":{"line":326,"column":3}},"166":{"start":{"line":315,"column":4},"end":{"line":315,"column":69}},"167":{"start":{"line":316,"column":9},"end":{"line":326,"column":3}},"168":{"start":{"line":318,"column":24},"end":{"line":318,"column":66}},"169":{"start":{"line":319,"column":4},"end":{"line":319,"column":77}},"170":{"start":{"line":320,"column":9},"end":{"line":326,"column":3}},"171":{"start":{"line":322,"column":4},"end":{"line":322,"column":17}},"172":{"start":{"line":325,"column":4},"end":{"line":325,"column":54}},"173":{"start":{"line":329,"column":0},"end":{"line":342,"column":2}}},"fnMap":{"0":{"name":"isJoker","decl":{"start":{"line":13,"column":9},"end":{"line":13,"column":16}},"loc":{"start":{"line":13,"column":23},"end":{"line":15,"column":1}},"line":13},"1":{"name":"isTrump","decl":{"start":{"line":17,"column":9},"end":{"line":17,"column":16}},"loc":{"start":{"line":17,"column":34},"end":{"line":21,"column":1}},"line":17},"2":{"name":"jokerToTrumpSuit","decl":{"start":{"line":23,"column":9},"end":{"line":23,"column":25}},"loc":{"start":{"line":23,"column":32},"end":{"line":28,"column":1}},"line":23},"3":{"name":"compareWithinSameSuit","decl":{"start":{"line":33,"column":9},"end":{"line":33,"column":30}},"loc":{"start":{"line":33,"column":37},"end":{"line":39,"column":1}},"line":33},"4":{"name":"compareCards","decl":{"start":{"line":41,"column":9},"end":{"line":41,"column":21}},"loc":{"start":{"line":41,"column":39},"end":{"line":64,"column":1}},"line":41},"5":{"name":"canBeat","decl":{"start":{"line":66,"column":9},"end":{"line":66,"column":16}},"loc":{"start":{"line":66,"column":44},"end":{"line":90,"column":1}},"line":66},"6":{"name":"mustFollowSuit","decl":{"start":{"line":92,"column":9},"end":{"line":92,"column":23}},"loc":{"start":{"line":92,"column":40},"end":{"line":95,"column":1}},"line":92},"7":{"name":"(anonymous_7)","decl":{"start":{"line":94,"column":19},"end":{"line":94,"column":20}},"loc":{"start":{"line":94,"column":27},"end":{"line":94,"column":72}},"line":94},"8":{"name":"hasSuitInHand","decl":{"start":{"line":97,"column":9},"end":{"line":97,"column":22}},"loc":{"start":{"line":97,"column":35},"end":{"line":99,"column":1}},"line":97},"9":{"name":"(anonymous_9)","decl":{"start":{"line":98,"column":19},"end":{"line":98,"column":20}},"loc":{"start":{"line":98,"column":27},"end":{"line":98,"column":63}},"line":98},"10":{"name":"getCardsInSuit","decl":{"start":{"line":101,"column":9},"end":{"line":101,"column":23}},"loc":{"start":{"line":101,"column":36},"end":{"line":103,"column":1}},"line":101},"11":{"name":"(anonymous_11)","decl":{"start":{"line":102,"column":21},"end":{"line":102,"column":22}},"loc":{"start":{"line":102,"column":29},"end":{"line":102,"column":65}},"line":102},"12":{"name":"isCombo","decl":{"start":{"line":106,"column":9},"end":{"line":106,"column":16}},"loc":{"start":{"line":106,"column":24},"end":{"line":223,"column":1}},"line":106},"13":{"name":"(anonymous_13)","decl":{"start":{"line":113,"column":16},"end":{"line":113,"column":17}},"loc":{"start":{"line":113,"column":24},"end":{"line":119,"column":3}},"line":113},"14":{"name":"(anonymous_14)","decl":{"start":{"line":129,"column":45},"end":{"line":129,"column":46}},"loc":{"start":{"line":129,"column":54},"end":{"line":129,"column":64}},"line":129},"15":{"name":"(anonymous_15)","decl":{"start":{"line":147,"column":50},"end":{"line":147,"column":51}},"loc":{"start":{"line":147,"column":59},"end":{"line":147,"column":69}},"line":147},"16":{"name":"(anonymous_16)","decl":{"start":{"line":164,"column":28},"end":{"line":164,"column":29}},"loc":{"start":{"line":164,"column":37},"end":{"line":169,"column":5}},"line":164},"17":{"name":"(anonymous_17)","decl":{"start":{"line":183,"column":45},"end":{"line":183,"column":46}},"loc":{"start":{"line":183,"column":54},"end":{"line":183,"column":64}},"line":183},"18":{"name":"(anonymous_18)","decl":{"start":{"line":200,"column":45},"end":{"line":200,"column":46}},"loc":{"start":{"line":200,"column":54},"end":{"line":200,"column":65}},"line":200},"19":{"name":"canBeatCombo","decl":{"start":{"line":225,"column":9},"end":{"line":225,"column":21}},"loc":{"start":{"line":225,"column":59},"end":{"line":240,"column":1}},"line":225},"20":{"name":"(anonymous_20)","decl":{"start":{"line":230,"column":41},"end":{"line":230,"column":42}},"loc":{"start":{"line":230,"column":51},"end":{"line":230,"column":80}},"line":230},"21":{"name":"(anonymous_21)","decl":{"start":{"line":231,"column":49},"end":{"line":231,"column":50}},"loc":{"start":{"line":231,"column":59},"end":{"line":231,"column":88}},"line":231},"22":{"name":"canBeatComboByPosition","decl":{"start":{"line":242,"column":9},"end":{"line":242,"column":31}},"loc":{"start":{"line":242,"column":69},"end":{"line":253,"column":1}},"line":242},"23":{"name":"canPlayCombo","decl":{"start":{"line":255,"column":9},"end":{"line":255,"column":21}},"loc":{"start":{"line":255,"column":65},"end":{"line":275,"column":1}},"line":255},"24":{"name":"(anonymous_24)","decl":{"start":{"line":271,"column":31},"end":{"line":271,"column":32}},"loc":{"start":{"line":271,"column":39},"end":{"line":271,"column":74}},"line":271},"25":{"name":"canPlayCard","decl":{"start":{"line":278,"column":9},"end":{"line":278,"column":20}},"loc":{"start":{"line":278,"column":54},"end":{"line":304,"column":1}},"line":278},"26":{"name":"getComboPlayOrder","decl":{"start":{"line":307,"column":9},"end":{"line":307,"column":26}},"loc":{"start":{"line":307,"column":45},"end":{"line":309,"column":1}},"line":307},"27":{"name":"(anonymous_27)","decl":{"start":{"line":308,"column":25},"end":{"line":308,"column":26}},"loc":{"start":{"line":308,"column":35},"end":{"line":308,"column":64}},"line":308},"28":{"name":"determineTrickWinner","decl":{"start":{"line":312,"column":9},"end":{"line":312,"column":29}},"loc":{"start":{"line":312,"column":65},"end":{"line":327,"column":1}},"line":312}},"branchMap":{"0":{"loc":{"start":{"line":14,"column":9},"end":{"line":14,"column":59}},"type":"binary-expr","locations":[{"start":{"line":14,"column":9},"end":{"line":14,"column":13}},{"start":{"line":14,"column":18},"end":{"line":14,"column":36}},{"start":{"line":14,"column":40},"end":{"line":14,"column":58}}],"line":14},"1":{"loc":{"start":{"line":18,"column":2},"end":{"line":18,"column":26}},"type":"if","locations":[{"start":{"line":18,"column":2},"end":{"line":18,"column":26}},{"start":{},"end":{}}],"line":18},"2":{"loc":{"start":{"line":19,"column":2},"end":{"line":19,"column":33}},"type":"if","locations":[{"start":{"line":19,"column":2},"end":{"line":19,"column":33}},{"start":{},"end":{}}],"line":19},"3":{"loc":{"start":{"line":24,"column":2},"end":{"line":24,"column":25}},"type":"if","locations":[{"start":{"line":24,"column":2},"end":{"line":24,"column":25}},{"start":{},"end":{}}],"line":24},"4":{"loc":{"start":{"line":25,"column":2},"end":{"line":25,"column":37}},"type":"if","locations":[{"start":{"line":25,"column":2},"end":{"line":25,"column":37}},{"start":{},"end":{}}],"line":25},"5":{"loc":{"start":{"line":26,"column":2},"end":{"line":26,"column":37}},"type":"if","locations":[{"start":{"line":26,"column":2},"end":{"line":26,"column":37}},{"start":{},"end":{}}],"line":26},"6":{"loc":{"start":{"line":36,"column":2},"end":{"line":36,"column":25}},"type":"if","locations":[{"start":{"line":36,"column":2},"end":{"line":36,"column":25}},{"start":{},"end":{}}],"line":36},"7":{"loc":{"start":{"line":37,"column":2},"end":{"line":37,"column":24}},"type":"if","locations":[{"start":{"line":37,"column":2},"end":{"line":37,"column":24}},{"start":{},"end":{}}],"line":37},"8":{"loc":{"start":{"line":43,"column":2},"end":{"line":46,"column":3}},"type":"if","locations":[{"start":{"line":43,"column":2},"end":{"line":46,"column":3}},{"start":{},"end":{}}],"line":43},"9":{"loc":{"start":{"line":43,"column":6},"end":{"line":43,"column":30}},"type":"binary-expr","locations":[{"start":{"line":43,"column":6},"end":{"line":43,"column":16}},{"start":{"line":43,"column":20},"end":{"line":43,"column":30}}],"line":43},"10":{"loc":{"start":{"line":44,"column":4},"end":{"line":44,"column":36}},"type":"if","locations":[{"start":{"line":44,"column":4},"end":{"line":44,"column":36}},{"start":{},"end":{}}],"line":44},"11":{"loc":{"start":{"line":45,"column":11},"end":{"line":45,"column":35}},"type":"cond-expr","locations":[{"start":{"line":45,"column":29},"end":{"line":45,"column":30}},{"start":{"line":45,"column":33},"end":{"line":45,"column":35}}],"line":45},"12":{"loc":{"start":{"line":47,"column":2},"end":{"line":47,"column":27}},"type":"if","locations":[{"start":{"line":47,"column":2},"end":{"line":47,"column":27}},{"start":{},"end":{}}],"line":47},"13":{"loc":{"start":{"line":48,"column":2},"end":{"line":48,"column":28}},"type":"if","locations":[{"start":{"line":48,"column":2},"end":{"line":48,"column":28}},{"start":{},"end":{}}],"line":48},"14":{"loc":{"start":{"line":52,"column":2},"end":{"line":54,"column":3}},"type":"if","locations":[{"start":{"line":52,"column":2},"end":{"line":54,"column":3}},{"start":{},"end":{}}],"line":52},"15":{"loc":{"start":{"line":52,"column":6},"end":{"line":52,"column":22}},"type":"binary-expr","locations":[{"start":{"line":52,"column":6},"end":{"line":52,"column":12}},{"start":{"line":52,"column":16},"end":{"line":52,"column":22}}],"line":52},"16":{"loc":{"start":{"line":55,"column":2},"end":{"line":55,"column":34}},"type":"if","locations":[{"start":{"line":55,"column":2},"end":{"line":55,"column":34}},{"start":{},"end":{}}],"line":55},"17":{"loc":{"start":{"line":55,"column":6},"end":{"line":55,"column":23}},"type":"binary-expr","locations":[{"start":{"line":55,"column":6},"end":{"line":55,"column":12}},{"start":{"line":55,"column":16},"end":{"line":55,"column":23}}],"line":55},"18":{"loc":{"start":{"line":56,"column":2},"end":{"line":56,"column":35}},"type":"if","locations":[{"start":{"line":56,"column":2},"end":{"line":56,"column":35}},{"start":{},"end":{}}],"line":56},"19":{"loc":{"start":{"line":56,"column":6},"end":{"line":56,"column":23}},"type":"binary-expr","locations":[{"start":{"line":56,"column":6},"end":{"line":56,"column":13}},{"start":{"line":56,"column":17},"end":{"line":56,"column":23}}],"line":56},"20":{"loc":{"start":{"line":59,"column":2},"end":{"line":61,"column":3}},"type":"if","locations":[{"start":{"line":59,"column":2},"end":{"line":61,"column":3}},{"start":{},"end":{}}],"line":59},"21":{"loc":{"start":{"line":67,"column":2},"end":{"line":67,"column":39}},"type":"if","locations":[{"start":{"line":67,"column":2},"end":{"line":67,"column":39}},{"start":{},"end":{}}],"line":67},"22":{"loc":{"start":{"line":67,"column":6},"end":{"line":67,"column":24}},"type":"binary-expr","locations":[{"start":{"line":67,"column":6},"end":{"line":67,"column":11}},{"start":{"line":67,"column":15},"end":{"line":67,"column":24}}],"line":67},"23":{"loc":{"start":{"line":70,"column":2},"end":{"line":72,"column":3}},"type":"if","locations":[{"start":{"line":70,"column":2},"end":{"line":72,"column":3}},{"start":{},"end":{}}],"line":70},"24":{"loc":{"start":{"line":70,"column":6},"end":{"line":70,"column":40}},"type":"binary-expr","locations":[{"start":{"line":70,"column":6},"end":{"line":70,"column":19}},{"start":{"line":70,"column":23},"end":{"line":70,"column":40}}],"line":70},"25":{"loc":{"start":{"line":75,"column":2},"end":{"line":75,"column":37}},"type":"if","locations":[{"start":{"line":75,"column":2},"end":{"line":75,"column":37}},{"start":{},"end":{}}],"line":75},"26":{"loc":{"start":{"line":76,"column":2},"end":{"line":76,"column":34}},"type":"if","locations":[{"start":{"line":76,"column":2},"end":{"line":76,"column":34}},{"start":{},"end":{}}],"line":76},"27":{"loc":{"start":{"line":81,"column":2},"end":{"line":83,"column":3}},"type":"if","locations":[{"start":{"line":81,"column":2},"end":{"line":83,"column":3}},{"start":{},"end":{}}],"line":81},"28":{"loc":{"start":{"line":81,"column":6},"end":{"line":81,"column":28}},"type":"binary-expr","locations":[{"start":{"line":81,"column":6},"end":{"line":81,"column":15}},{"start":{"line":81,"column":19},"end":{"line":81,"column":28}}],"line":81},"29":{"loc":{"start":{"line":84,"column":2},"end":{"line":84,"column":44}},"type":"if","locations":[{"start":{"line":84,"column":2},"end":{"line":84,"column":44}},{"start":{},"end":{}}],"line":84},"30":{"loc":{"start":{"line":84,"column":6},"end":{"line":84,"column":29}},"type":"binary-expr","locations":[{"start":{"line":84,"column":6},"end":{"line":84,"column":15}},{"start":{"line":84,"column":19},"end":{"line":84,"column":29}}],"line":84},"31":{"loc":{"start":{"line":85,"column":2},"end":{"line":85,"column":43}},"type":"if","locations":[{"start":{"line":85,"column":2},"end":{"line":85,"column":43}},{"start":{},"end":{}}],"line":85},"32":{"loc":{"start":{"line":85,"column":6},"end":{"line":85,"column":29}},"type":"binary-expr","locations":[{"start":{"line":85,"column":6},"end":{"line":85,"column":16}},{"start":{"line":85,"column":20},"end":{"line":85,"column":29}}],"line":85},"33":{"loc":{"start":{"line":86,"column":2},"end":{"line":88,"column":3}},"type":"if","locations":[{"start":{"line":86,"column":2},"end":{"line":88,"column":3}},{"start":{},"end":{}}],"line":86},"34":{"loc":{"start":{"line":93,"column":2},"end":{"line":93,"column":51}},"type":"if","locations":[{"start":{"line":93,"column":2},"end":{"line":93,"column":51}},{"start":{},"end":{}}],"line":93},"35":{"loc":{"start":{"line":93,"column":6},"end":{"line":93,"column":36}},"type":"binary-expr","locations":[{"start":{"line":93,"column":6},"end":{"line":93,"column":15}},{"start":{"line":93,"column":19},"end":{"line":93,"column":36}}],"line":93},"36":{"loc":{"start":{"line":94,"column":27},"end":{"line":94,"column":72}},"type":"binary-expr","locations":[{"start":{"line":94,"column":27},"end":{"line":94,"column":54}},{"start":{"line":94,"column":58},"end":{"line":94,"column":72}}],"line":94},"37":{"loc":{"start":{"line":98,"column":27},"end":{"line":98,"column":63}},"type":"binary-expr","locations":[{"start":{"line":98,"column":27},"end":{"line":98,"column":45}},{"start":{"line":98,"column":49},"end":{"line":98,"column":63}}],"line":98},"38":{"loc":{"start":{"line":102,"column":29},"end":{"line":102,"column":65}},"type":"binary-expr","locations":[{"start":{"line":102,"column":29},"end":{"line":102,"column":47}},{"start":{"line":102,"column":51},"end":{"line":102,"column":65}}],"line":102},"39":{"loc":{"start":{"line":107,"column":2},"end":{"line":107,"column":105}},"type":"if","locations":[{"start":{"line":107,"column":2},"end":{"line":107,"column":105}},{"start":{},"end":{}}],"line":107},"40":{"loc":{"start":{"line":107,"column":6},"end":{"line":107,"column":90}},"type":"binary-expr","locations":[{"start":{"line":107,"column":6},"end":{"line":107,"column":12}},{"start":{"line":107,"column":17},"end":{"line":107,"column":51}},{"start":{"line":107,"column":55},"end":{"line":107,"column":89}}],"line":107},"41":{"loc":{"start":{"line":114,"column":4},"end":{"line":118,"column":5}},"type":"if","locations":[{"start":{"line":114,"column":4},"end":{"line":118,"column":5}},{"start":{"line":116,"column":11},"end":{"line":118,"column":5}}],"line":114},"42":{"loc":{"start":{"line":117,"column":31},"end":{"line":117,"column":57}},"type":"binary-expr","locations":[{"start":{"line":117,"column":31},"end":{"line":117,"column":52}},{"start":{"line":117,"column":56},"end":{"line":117,"column":57}}],"line":117},"43":{"loc":{"start":{"line":124,"column":2},"end":{"line":220,"column":3}},"type":"if","locations":[{"start":{"line":124,"column":2},"end":{"line":220,"column":3}},{"start":{"line":155,"column":9},"end":{"line":220,"column":3}}],"line":124},"44":{"loc":{"start":{"line":132,"column":4},"end":{"line":134,"column":5}},"type":"if","locations":[{"start":{"line":132,"column":4},"end":{"line":134,"column":5}},{"start":{},"end":{}}],"line":132},"45":{"loc":{"start":{"line":137,"column":4},"end":{"line":140,"column":5}},"type":"if","locations":[{"start":{"line":137,"column":4},"end":{"line":140,"column":5}},{"start":{},"end":{}}],"line":137},"46":{"loc":{"start":{"line":143,"column":4},"end":{"line":151,"column":5}},"type":"if","locations":[{"start":{"line":143,"column":4},"end":{"line":151,"column":5}},{"start":{},"end":{}}],"line":143},"47":{"loc":{"start":{"line":148,"column":6},"end":{"line":150,"column":7}},"type":"if","locations":[{"start":{"line":148,"column":6},"end":{"line":150,"column":7}},{"start":{},"end":{}}],"line":148},"48":{"loc":{"start":{"line":155,"column":9},"end":{"line":220,"column":3}},"type":"if","locations":[{"start":{"line":155,"column":9},"end":{"line":220,"column":3}},{"start":{},"end":{}}],"line":155},"49":{"loc":{"start":{"line":165,"column":6},"end":{"line":168,"column":7}},"type":"if","locations":[{"start":{"line":165,"column":6},"end":{"line":168,"column":7}},{"start":{},"end":{}}],"line":165},"50":{"loc":{"start":{"line":177,"column":4},"end":{"line":179,"column":5}},"type":"if","locations":[{"start":{"line":177,"column":4},"end":{"line":179,"column":5}},{"start":{},"end":{}}],"line":177},"51":{"loc":{"start":{"line":186,"column":4},"end":{"line":212,"column":5}},"type":"if","locations":[{"start":{"line":186,"column":4},"end":{"line":212,"column":5}},{"start":{},"end":{}}],"line":186},"52":{"loc":{"start":{"line":194,"column":6},"end":{"line":197,"column":7}},"type":"if","locations":[{"start":{"line":194,"column":6},"end":{"line":197,"column":7}},{"start":{},"end":{}}],"line":194},"53":{"loc":{"start":{"line":203,"column":6},"end":{"line":205,"column":7}},"type":"if","locations":[{"start":{"line":203,"column":6},"end":{"line":205,"column":7}},{"start":{},"end":{}}],"line":203},"54":{"loc":{"start":{"line":209,"column":6},"end":{"line":211,"column":7}},"type":"if","locations":[{"start":{"line":209,"column":6},"end":{"line":211,"column":7}},{"start":{},"end":{}}],"line":209},"55":{"loc":{"start":{"line":209,"column":10},"end":{"line":209,"column":44}},"type":"binary-expr","locations":[{"start":{"line":209,"column":10},"end":{"line":209,"column":26}},{"start":{"line":209,"column":30},"end":{"line":209,"column":44}}],"line":209},"56":{"loc":{"start":{"line":215,"column":4},"end":{"line":217,"column":5}},"type":"if","locations":[{"start":{"line":215,"column":4},"end":{"line":217,"column":5}},{"start":{},"end":{}}],"line":215},"57":{"loc":{"start":{"line":226,"column":2},"end":{"line":226,"column":67}},"type":"if","locations":[{"start":{"line":226,"column":2},"end":{"line":226,"column":67}},{"start":{},"end":{}}],"line":226},"58":{"loc":{"start":{"line":226,"column":6},"end":{"line":226,"column":52}},"type":"binary-expr","locations":[{"start":{"line":226,"column":6},"end":{"line":226,"column":25}},{"start":{"line":226,"column":29},"end":{"line":226,"column":52}}],"line":226},"59":{"loc":{"start":{"line":228,"column":2},"end":{"line":228,"column":62}},"type":"if","locations":[{"start":{"line":228,"column":2},"end":{"line":228,"column":62}},{"start":{},"end":{}}],"line":228},"60":{"loc":{"start":{"line":234,"column":4},"end":{"line":236,"column":5}},"type":"if","locations":[{"start":{"line":234,"column":4},"end":{"line":236,"column":5}},{"start":{},"end":{}}],"line":234},"61":{"loc":{"start":{"line":243,"column":2},"end":{"line":243,"column":79}},"type":"if","locations":[{"start":{"line":243,"column":2},"end":{"line":243,"column":79}},{"start":{},"end":{}}],"line":243},"62":{"loc":{"start":{"line":243,"column":6},"end":{"line":243,"column":64}},"type":"binary-expr","locations":[{"start":{"line":243,"column":6},"end":{"line":243,"column":31}},{"start":{"line":243,"column":35},"end":{"line":243,"column":64}}],"line":243},"63":{"loc":{"start":{"line":244,"column":2},"end":{"line":244,"column":62}},"type":"if","locations":[{"start":{"line":244,"column":2},"end":{"line":244,"column":62}},{"start":{},"end":{}}],"line":244},"64":{"loc":{"start":{"line":247,"column":4},"end":{"line":249,"column":5}},"type":"if","locations":[{"start":{"line":247,"column":4},"end":{"line":249,"column":5}},{"start":{},"end":{}}],"line":247},"65":{"loc":{"start":{"line":256,"column":2},"end":{"line":256,"column":30}},"type":"if","locations":[{"start":{"line":256,"column":2},"end":{"line":256,"column":30}},{"start":{},"end":{}}],"line":256},"66":{"loc":{"start":{"line":258,"column":2},"end":{"line":268,"column":3}},"type":"if","locations":[{"start":{"line":258,"column":2},"end":{"line":268,"column":3}},{"start":{},"end":{}}],"line":258},"67":{"loc":{"start":{"line":259,"column":4},"end":{"line":261,"column":5}},"type":"if","locations":[{"start":{"line":259,"column":4},"end":{"line":261,"column":5}},{"start":{},"end":{}}],"line":259},"68":{"loc":{"start":{"line":259,"column":8},"end":{"line":259,"column":52}},"type":"binary-expr","locations":[{"start":{"line":259,"column":8},"end":{"line":259,"column":22}},{"start":{"line":259,"column":26},"end":{"line":259,"column":52}}],"line":259},"69":{"loc":{"start":{"line":263,"column":4},"end":{"line":265,"column":5}},"type":"if","locations":[{"start":{"line":263,"column":4},"end":{"line":265,"column":5}},{"start":{},"end":{}}],"line":263},"70":{"loc":{"start":{"line":270,"column":2},"end":{"line":272,"column":3}},"type":"if","locations":[{"start":{"line":270,"column":2},"end":{"line":272,"column":3}},{"start":{},"end":{}}],"line":270},"71":{"loc":{"start":{"line":270,"column":6},"end":{"line":270,"column":113}},"type":"binary-expr","locations":[{"start":{"line":270,"column":6},"end":{"line":270,"column":19}},{"start":{"line":270,"column":24},"end":{"line":270,"column":66}},{"start":{"line":270,"column":70},"end":{"line":270,"column":112}}],"line":270},"72":{"loc":{"start":{"line":279,"column":2},"end":{"line":279,"column":29}},"type":"if","locations":[{"start":{"line":279,"column":2},"end":{"line":279,"column":29}},{"start":{},"end":{}}],"line":279},"73":{"loc":{"start":{"line":282,"column":2},"end":{"line":300,"column":3}},"type":"if","locations":[{"start":{"line":282,"column":2},"end":{"line":300,"column":3}},{"start":{},"end":{}}],"line":282},"74":{"loc":{"start":{"line":284,"column":4},"end":{"line":286,"column":5}},"type":"if","locations":[{"start":{"line":284,"column":4},"end":{"line":286,"column":5}},{"start":{},"end":{}}],"line":284},"75":{"loc":{"start":{"line":284,"column":8},"end":{"line":284,"column":82}},"type":"binary-expr","locations":[{"start":{"line":284,"column":8},"end":{"line":284,"column":35}},{"start":{"line":284,"column":39},"end":{"line":284,"column":53}},{"start":{"line":284,"column":57},"end":{"line":284,"column":82}}],"line":284},"76":{"loc":{"start":{"line":288,"column":4},"end":{"line":290,"column":5}},"type":"if","locations":[{"start":{"line":288,"column":4},"end":{"line":290,"column":5}},{"start":{},"end":{}}],"line":288},"77":{"loc":{"start":{"line":288,"column":8},"end":{"line":288,"column":53}},"type":"binary-expr","locations":[{"start":{"line":288,"column":8},"end":{"line":288,"column":35}},{"start":{"line":288,"column":39},"end":{"line":288,"column":53}}],"line":288},"78":{"loc":{"start":{"line":292,"column":4},"end":{"line":294,"column":5}},"type":"if","locations":[{"start":{"line":292,"column":4},"end":{"line":294,"column":5}},{"start":{},"end":{}}],"line":292},"79":{"loc":{"start":{"line":296,"column":4},"end":{"line":298,"column":5}},"type":"if","locations":[{"start":{"line":296,"column":4},"end":{"line":298,"column":5}},{"start":{},"end":{}}],"line":296},"80":{"loc":{"start":{"line":313,"column":2},"end":{"line":326,"column":3}},"type":"if","locations":[{"start":{"line":313,"column":2},"end":{"line":326,"column":3}},{"start":{"line":316,"column":9},"end":{"line":326,"column":3}}],"line":313},"81":{"loc":{"start":{"line":313,"column":6},"end":{"line":313,"column":60}},"type":"binary-expr","locations":[{"start":{"line":313,"column":6},"end":{"line":313,"column":29}},{"start":{"line":313,"column":33},"end":{"line":313,"column":60}}],"line":313},"82":{"loc":{"start":{"line":316,"column":9},"end":{"line":326,"column":3}},"type":"if","locations":[{"start":{"line":316,"column":9},"end":{"line":326,"column":3}},{"start":{"line":320,"column":9},"end":{"line":326,"column":3}}],"line":316},"83":{"loc":{"start":{"line":316,"column":13},"end":{"line":316,"column":68}},"type":"binary-expr","locations":[{"start":{"line":316,"column":13},"end":{"line":316,"column":37}},{"start":{"line":316,"column":41},"end":{"line":316,"column":68}}],"line":316},"84":{"loc":{"start":{"line":320,"column":9},"end":{"line":326,"column":3}},"type":"if","locations":[{"start":{"line":320,"column":9},"end":{"line":326,"column":3}},{"start":{"line":323,"column":9},"end":{"line":326,"column":3}}],"line":320},"85":{"loc":{"start":{"line":320,"column":13},"end":{"line":320,"column":68}},"type":"binary-expr","locations":[{"start":{"line":320,"column":13},"end":{"line":320,"column":36}},{"start":{"line":320,"column":40},"end":{"line":320,"column":68}}],"line":320}},"s":{"0":1,"1":1,"2":1,"3":0,"4":0,"5":0,"6":0,"7":0,"8":0,"9":0,"10":0,"11":0,"12":0,"13":0,"14":0,"15":0,"16":1,"17":0,"18":0,"19":0,"20":0,"21":0,"22":0,"23":0,"24":0,"25":0,"26":0,"27":0,"28":0,"29":0,"30":0,"31":0,"32":0,"33":0,"34":0,"35":0,"36":0,"37":0,"38":0,"39":0,"40":0,"41":0,"42":0,"43":0,"44":0,"45":0,"46":0,"47":0,"48":0,"49":0,"50":0,"51":0,"52":0,"53":0,"54":0,"55":0,"56":0,"57":0,"58":0,"59":0,"60":0,"61":0,"62":0,"63":0,"64":0,"65":0,"66":0,"67":0,"68":0,"69":0,"70":0,"71":0,"72":0,"73":0,"74":0,"75":0,"76":0,"77":0,"78":0,"79":0,"80":0,"81":0,"82":0,"83":0,"84":0,"85":0,"86":0,"87":0,"88":0,"89":0,"90":0,"91":0,"92":0,"93":0,"94":0,"95":0,"96":0,"97":0,"98":0,"99":0,"100":0,"101":0,"102":0,"103":0,"104":0,"105":0,"106":0,"107":0,"108":0,"109":0,"110":0,"111":0,"112":0,"113":0,"114":0,"115":0,"116":0,"117":0,"118":0,"119":0,"120":0,"121":0,"122":0,"123":0,"124":0,"125":0,"126":0,"127":0,"128":0,"129":0,"130":0,"131":0,"132":0,"133":0,"134":0,"135":0,"136":0,"137":0,"138":0,"139":0,"140":0,"141":0,"142":0,"143":0,"144":0,"145":0,"146":0,"147":0,"148":0,"149":0,"150":0,"151":0,"152":0,"153":0,"154":0,"155":0,"156":0,"157":0,"158":0,"159":0,"160":0,"161":0,"162":0,"163":0,"164":0,"165":0,"166":0,"167":0,"168":0,"169":0,"170":0,"171":0,"172":0,"173":1},"f":{"0":0,"1":0,"2":0,"3":0,"4":0,"5":0,"6":0,"7":0,"8":0,"9":0,"10":0,"11":0,"12":0,"13":0,"14":0,"15":0,"16":0,"17":0,"18":0,"19":0,"20":0,"21":0,"22":0,"23":0,"24":0,"25":0,"26":0,"27":0,"28":0},"b":{"0":[0,0,0],"1":[0,0],"2":[0,0],"3":[0,0],"4":[0,0],"5":[0,0],"6":[0,0],"7":[0,0],"8":[0,0],"9":[0,0],"10":[0,0],"11":[0,0],"12":[0,0],"13":[0,0],"14":[0,0],"15":[0,0],"16":[0,0],"17":[0,0],"18":[0,0],"19":[0,0],"20":[0,0],"21":[0,0],"22":[0,0],"23":[0,0],"24":[0,0],"25":[0,0],"26":[0,0],"27":[0,0],"28":[0,0],"29":[0,0],"30":[0,0],"31":[0,0],"32":[0,0],"33":[0,0],"34":[0,0],"35":[0,0],"36":[0,0],"37":[0,0],"38":[0,0],"39":[0,0],"40":[0,0,0],"41":[0,0],"42":[0,0],"43":[0,0],"44":[0,0],"45":[0,0],"46":[0,0],"47":[0,0],"48":[0,0],"49":[0,0],"50":[0,0],"51":[0,0],"52":[0,0],"53":[0,0],"54":[0,0],"55":[0,0],"56":[0,0],"57":[0,0],"58":[0,0],"59":[0,0],"60":[0,0],"61":[0,0],"62":[0,0],"63":[0,0],"64":[0,0],"65":[0,0],"66":[0,0],"67":[0,0],"68":[0,0],"69":[0,0],"70":[0,0],"71":[0,0,0],"72":[0,0],"73":[0,0],"74":[0,0],"75":[0,0,0],"76":[0,0],"77":[0,0],"78":[0,0],"79":[0,0],"80":[0,0],"81":[0,0],"82":[0,0],"83":[0,0],"84":[0,0],"85":[0,0]},"_coverageSchema":"1a1c01bbd47fc00a2c39e90264f33305004495a9","hash":"9ae88c697f695f3f57bef8fecb1001781e8471d1"}
,"/Users/amabayar/Code/test_project/server/gameState.js": {"path":"/Users/amabayar/Code/test_project/server/gameState.js","statementMap":{"0":{"start":{"line":2,"column":127},"end":{"line":2,"column":149}},"1":{"start":{"line":3,"column":19},"end":{"line":3,"column":38}},"2":{"start":{"line":7,"column":4},"end":{"line":7,"column":25}},"3":{"start":{"line":8,"column":4},"end":{"line":8,"column":22}},"4":{"start":{"line":9,"column":4},"end":{"line":9,"column":26}},"5":{"start":{"line":10,"column":4},"end":{"line":10,"column":29}},"6":{"start":{"line":11,"column":4},"end":{"line":11,"column":30}},"7":{"start":{"line":12,"column":4},"end":{"line":12,"column":27}},"8":{"start":{"line":13,"column":4},"end":{"line":13,"column":25}},"9":{"start":{"line":14,"column":4},"end":{"line":14,"column":19}},"10":{"start":{"line":15,"column":4},"end":{"line":15,"column":19}},"11":{"start":{"line":16,"column":4},"end":{"line":16,"column":26}},"12":{"start":{"line":17,"column":4},"end":{"line":17,"column":26}},"13":{"start":{"line":18,"column":4},"end":{"line":18,"column":32}},"14":{"start":{"line":19,"column":4},"end":{"line":19,"column":26}},"15":{"start":{"line":20,"column":4},"end":{"line":20,"column":23}},"16":{"start":{"line":21,"column":4},"end":{"line":21,"column":23}},"17":{"start":{"line":22,"column":4},"end":{"line":22,"column":18}},"18":{"start":{"line":23,"column":4},"end":{"line":23,"column":23}},"19":{"start":{"line":24,"column":4},"end":{"line":24,"column":32}},"20":{"start":{"line":27,"column":4},"end":{"line":27,"column":28}},"21":{"start":{"line":28,"column":4},"end":{"line":28,"column":22}},"22":{"start":{"line":31,"column":4},"end":{"line":31,"column":28}},"23":{"start":{"line":32,"column":4},"end":{"line":32,"column":33}},"24":{"start":{"line":35,"column":4},"end":{"line":46,"column":6}},"25":{"start":{"line":51,"column":22},"end":{"line":51,"column":46}},"26":{"start":{"line":52,"column":21},"end":{"line":52,"column":48}},"27":{"start":{"line":55,"column":4},"end":{"line":55,"column":32}},"28":{"start":{"line":58,"column":4},"end":{"line":58,"column":28}},"29":{"start":{"line":61,"column":4},"end":{"line":63,"column":5}},"30":{"start":{"line":62,"column":6},"end":{"line":62,"column":23}},"31":{"start":{"line":68,"column":4},"end":{"line":68,"column":24}},"32":{"start":{"line":73,"column":4},"end":{"line":86,"column":5}},"33":{"start":{"line":74,"column":6},"end":{"line":74,"column":34}},"34":{"start":{"line":75,"column":6},"end":{"line":75,"column":38}},"35":{"start":{"line":78,"column":6},"end":{"line":80,"column":7}},"36":{"start":{"line":79,"column":8},"end":{"line":79,"column":34}},"37":{"start":{"line":83,"column":6},"end":{"line":85,"column":7}},"38":{"start":{"line":84,"column":8},"end":{"line":84,"column":38}},"39":{"start":{"line":91,"column":4},"end":{"line":91,"column":60}},"40":{"start":{"line":91,"column":44},"end":{"line":91,"column":58}},"41":{"start":{"line":92,"column":4},"end":{"line":92,"column":38}},"42":{"start":{"line":95,"column":4},"end":{"line":95,"column":40}},"43":{"start":{"line":96,"column":4},"end":{"line":96,"column":45}},"44":{"start":{"line":99,"column":4},"end":{"line":99,"column":76}},"45":{"start":{"line":99,"column":34},"end":{"line":99,"column":76}},"46":{"start":{"line":100,"column":4},"end":{"line":100,"column":80}},"47":{"start":{"line":100,"column":36},"end":{"line":100,"column":80}},"48":{"start":{"line":101,"column":4},"end":{"line":101,"column":82}},"49":{"start":{"line":101,"column":37},"end":{"line":101,"column":82}},"50":{"start":{"line":102,"column":4},"end":{"line":102,"column":82}},"51":{"start":{"line":102,"column":37},"end":{"line":102,"column":82}},"52":{"start":{"line":103,"column":4},"end":{"line":103,"column":90}},"53":{"start":{"line":103,"column":41},"end":{"line":103,"column":90}},"54":{"start":{"line":104,"column":4},"end":{"line":104,"column":80}},"55":{"start":{"line":104,"column":36},"end":{"line":104,"column":80}},"56":{"start":{"line":107,"column":4},"end":{"line":107,"column":35}},"57":{"start":{"line":110,"column":4},"end":{"line":112,"column":5}},"58":{"start":{"line":111,"column":6},"end":{"line":111,"column":22}},"59":{"start":{"line":115,"column":4},"end":{"line":126,"column":5}},"60":{"start":{"line":116,"column":6},"end":{"line":116,"column":31}},"61":{"start":{"line":117,"column":6},"end":{"line":117,"column":32}},"62":{"start":{"line":118,"column":6},"end":{"line":118,"column":27}},"63":{"start":{"line":119,"column":6},"end":{"line":119,"column":21}},"64":{"start":{"line":120,"column":6},"end":{"line":120,"column":25}},"65":{"start":{"line":123,"column":6},"end":{"line":123,"column":30}},"66":{"start":{"line":124,"column":6},"end":{"line":124,"column":35}},"67":{"start":{"line":125,"column":6},"end":{"line":125,"column":25}},"68":{"start":{"line":131,"column":4},"end":{"line":133,"column":5}},"69":{"start":{"line":132,"column":6},"end":{"line":132,"column":75}},"70":{"start":{"line":135,"column":4},"end":{"line":137,"column":5}},"71":{"start":{"line":136,"column":6},"end":{"line":136,"column":63}},"72":{"start":{"line":139,"column":4},"end":{"line":139,"column":28}},"73":{"start":{"line":140,"column":4},"end":{"line":140,"column":41}},"74":{"start":{"line":141,"column":4},"end":{"line":141,"column":31}},"75":{"start":{"line":142,"column":4},"end":{"line":142,"column":31}},"76":{"start":{"line":144,"column":4},"end":{"line":144,"column":68}},"77":{"start":{"line":145,"column":4},"end":{"line":145,"column":46}},"78":{"start":{"line":147,"column":4},"end":{"line":147,"column":29}},"79":{"start":{"line":152,"column":4},"end":{"line":152,"column":46}},"80":{"start":{"line":153,"column":4},"end":{"line":153,"column":35}},"81":{"start":{"line":155,"column":4},"end":{"line":162,"column":5}},"82":{"start":{"line":156,"column":6},"end":{"line":156,"column":45}},"83":{"start":{"line":157,"column":6},"end":{"line":157,"column":47}},"84":{"start":{"line":158,"column":6},"end":{"line":158,"column":48}},"85":{"start":{"line":159,"column":6},"end":{"line":159,"column":48}},"86":{"start":{"line":160,"column":6},"end":{"line":160,"column":52}},"87":{"start":{"line":161,"column":6},"end":{"line":161,"column":47}},"88":{"start":{"line":168,"column":4},"end":{"line":168,"column":34}},"89":{"start":{"line":169,"column":4},"end":{"line":169,"column":23}},"90":{"start":{"line":172,"column":4},"end":{"line":172,"column":34}},"91":{"start":{"line":173,"column":4},"end":{"line":173,"column":55}},"92":{"start":{"line":174,"column":4},"end":{"line":174,"column":32}},"93":{"start":{"line":177,"column":4},"end":{"line":177,"column":21}},"94":{"start":{"line":179,"column":4},"end":{"line":179,"column":86}},"95":{"start":{"line":180,"column":4},"end":{"line":180,"column":80}},"96":{"start":{"line":185,"column":18},"end":{"line":185,"column":38}},"97":{"start":{"line":186,"column":18},"end":{"line":186,"column":69}},"98":{"start":{"line":187,"column":17},"end":{"line":187,"column":19}},"99":{"start":{"line":189,"column":4},"end":{"line":193,"column":5}},"100":{"start":{"line":190,"column":6},"end":{"line":192,"column":7}},"101":{"start":{"line":191,"column":8},"end":{"line":191,"column":34}},"102":{"start":{"line":196,"column":4},"end":{"line":196,"column":42}},"103":{"start":{"line":197,"column":4},"end":{"line":197,"column":42}},"104":{"start":{"line":199,"column":4},"end":{"line":199,"column":16}},"105":{"start":{"line":204,"column":4},"end":{"line":207,"column":5}},"106":{"start":{"line":204,"column":17},"end":{"line":204,"column":37}},"107":{"start":{"line":205,"column":16},"end":{"line":205,"column":51}},"108":{"start":{"line":206,"column":6},"end":{"line":206,"column":66}},"109":{"start":{"line":212,"column":4},"end":{"line":212,"column":39}},"110":{"start":{"line":212,"column":28},"end":{"line":212,"column":39}},"111":{"start":{"line":213,"column":4},"end":{"line":213,"column":39}},"112":{"start":{"line":213,"column":28},"end":{"line":213,"column":39}},"113":{"start":{"line":214,"column":4},"end":{"line":214,"column":21}},"114":{"start":{"line":219,"column":27},"end":{"line":219,"column":28}},"115":{"start":{"line":222,"column":4},"end":{"line":224,"column":5}},"116":{"start":{"line":223,"column":6},"end":{"line":223,"column":38}},"117":{"start":{"line":226,"column":4},"end":{"line":233,"column":5}},"118":{"start":{"line":226,"column":17},"end":{"line":226,"column":18}},"119":{"start":{"line":227,"column":6},"end":{"line":232,"column":7}},"120":{"start":{"line":228,"column":8},"end":{"line":231,"column":9}},"121":{"start":{"line":229,"column":23},"end":{"line":229,"column":38}},"122":{"start":{"line":230,"column":10},"end":{"line":230,"column":48}},"123":{"start":{"line":239,"column":29},"end":{"line":239,"column":62}},"124":{"start":{"line":240,"column":4},"end":{"line":242,"column":5}},"125":{"start":{"line":241,"column":6},"end":{"line":241,"column":30}},"126":{"start":{"line":244,"column":23},"end":{"line":244,"column":49}},"127":{"start":{"line":247,"column":4},"end":{"line":249,"column":5}},"128":{"start":{"line":248,"column":6},"end":{"line":248,"column":61}},"129":{"start":{"line":252,"column":4},"end":{"line":254,"column":5}},"130":{"start":{"line":253,"column":6},"end":{"line":253,"column":56}},"131":{"start":{"line":256,"column":4},"end":{"line":256,"column":60}},"132":{"start":{"line":262,"column":4},"end":{"line":264,"column":5}},"133":{"start":{"line":263,"column":6},"end":{"line":263,"column":59}},"134":{"start":{"line":266,"column":4},"end":{"line":268,"column":5}},"135":{"start":{"line":267,"column":6},"end":{"line":267,"column":67}},"136":{"start":{"line":271,"column":4},"end":{"line":273,"column":5}},"137":{"start":{"line":272,"column":6},"end":{"line":272,"column":61}},"138":{"start":{"line":275,"column":4},"end":{"line":277,"column":5}},"139":{"start":{"line":276,"column":6},"end":{"line":276,"column":56}},"140":{"start":{"line":279,"column":23},"end":{"line":279,"column":49}},"141":{"start":{"line":280,"column":4},"end":{"line":282,"column":5}},"142":{"start":{"line":281,"column":6},"end":{"line":281,"column":62}},"143":{"start":{"line":285,"column":16},"end":{"line":285,"column":26}},"144":{"start":{"line":288,"column":4},"end":{"line":290,"column":5}},"145":{"start":{"line":289,"column":6},"end":{"line":289,"column":40}},"146":{"start":{"line":291,"column":4},"end":{"line":293,"column":5}},"147":{"start":{"line":292,"column":6},"end":{"line":292,"column":44}},"148":{"start":{"line":296,"column":26},"end":{"line":298,"column":5}},"149":{"start":{"line":297,"column":20},"end":{"line":297,"column":43}},"150":{"start":{"line":301,"column":4},"end":{"line":316,"column":5}},"151":{"start":{"line":303,"column":6},"end":{"line":303,"column":42}},"152":{"start":{"line":304,"column":6},"end":{"line":304,"column":67}},"153":{"start":{"line":307,"column":6},"end":{"line":313,"column":7}},"154":{"start":{"line":308,"column":8},"end":{"line":311,"column":11}},"155":{"start":{"line":312,"column":8},"end":{"line":312,"column":98}},"156":{"start":{"line":315,"column":6},"end":{"line":315,"column":78}},"157":{"start":{"line":319,"column":4},"end":{"line":319,"column":28}},"158":{"start":{"line":320,"column":4},"end":{"line":320,"column":49}},"159":{"start":{"line":323,"column":4},"end":{"line":325,"column":5}},"160":{"start":{"line":324,"column":6},"end":{"line":324,"column":59}},"161":{"start":{"line":328,"column":4},"end":{"line":376,"column":5}},"162":{"start":{"line":330,"column":6},"end":{"line":332,"column":7}},"163":{"start":{"line":331,"column":8},"end":{"line":331,"column":86}},"164":{"start":{"line":335,"column":25},"end":{"line":335,"column":27}},"165":{"start":{"line":336,"column":6},"end":{"line":342,"column":7}},"166":{"start":{"line":337,"column":24},"end":{"line":337,"column":61}},"167":{"start":{"line":338,"column":8},"end":{"line":338,"column":61}},"168":{"start":{"line":339,"column":8},"end":{"line":341,"column":9}},"169":{"start":{"line":340,"column":10},"end":{"line":340,"column":71}},"170":{"start":{"line":345,"column":6},"end":{"line":352,"column":7}},"171":{"start":{"line":346,"column":27},"end":{"line":348,"column":9}},"172":{"start":{"line":347,"column":10},"end":{"line":347,"column":64}},"173":{"start":{"line":349,"column":8},"end":{"line":351,"column":9}},"174":{"start":{"line":350,"column":10},"end":{"line":350,"column":63}},"175":{"start":{"line":355,"column":6},"end":{"line":357,"column":7}},"176":{"start":{"line":356,"column":8},"end":{"line":356,"column":68}},"177":{"start":{"line":360,"column":6},"end":{"line":362,"column":7}},"178":{"start":{"line":361,"column":8},"end":{"line":361,"column":87}},"179":{"start":{"line":365,"column":25},"end":{"line":367,"column":7}},"180":{"start":{"line":366,"column":8},"end":{"line":366,"column":52}},"181":{"start":{"line":368,"column":6},"end":{"line":370,"column":7}},"182":{"start":{"line":369,"column":8},"end":{"line":369,"column":61}},"183":{"start":{"line":373,"column":6},"end":{"line":375,"column":7}},"184":{"start":{"line":374,"column":8},"end":{"line":374,"column":81}},"185":{"start":{"line":378,"column":4},"end":{"line":378,"column":29}},"186":{"start":{"line":384,"column":22},"end":{"line":386,"column":5}},"187":{"start":{"line":385,"column":6},"end":{"line":385,"column":50}},"188":{"start":{"line":389,"column":26},"end":{"line":389,"column":41}},"189":{"start":{"line":390,"column":4},"end":{"line":390,"column":39}},"190":{"start":{"line":393,"column":4},"end":{"line":393,"column":47}},"191":{"start":{"line":394,"column":4},"end":{"line":394,"column":37}},"192":{"start":{"line":395,"column":4},"end":{"line":395,"column":59}},"193":{"start":{"line":398,"column":4},"end":{"line":398,"column":41}},"194":{"start":{"line":401,"column":4},"end":{"line":401,"column":63}},"195":{"start":{"line":404,"column":4},"end":{"line":412,"column":5}},"196":{"start":{"line":405,"column":6},"end":{"line":405,"column":47}},"197":{"start":{"line":408,"column":6},"end":{"line":408,"column":27}},"198":{"start":{"line":409,"column":6},"end":{"line":409,"column":33}},"199":{"start":{"line":410,"column":6},"end":{"line":410,"column":22}},"200":{"start":{"line":411,"column":6},"end":{"line":411,"column":31}},"201":{"start":{"line":418,"column":24},"end":{"line":418,"column":26}},"202":{"start":{"line":419,"column":4},"end":{"line":424,"column":5}},"203":{"start":{"line":420,"column":20},"end":{"line":422,"column":7}},"204":{"start":{"line":421,"column":8},"end":{"line":421,"column":52}},"205":{"start":{"line":423,"column":6},"end":{"line":423,"column":30}},"206":{"start":{"line":427,"column":26},"end":{"line":427,"column":41}},"207":{"start":{"line":428,"column":4},"end":{"line":430,"column":7}},"208":{"start":{"line":428,"column":31},"end":{"line":428,"column":36}},"209":{"start":{"line":429,"column":6},"end":{"line":429,"column":37}},"210":{"start":{"line":433,"column":4},"end":{"line":433,"column":47}},"211":{"start":{"line":434,"column":4},"end":{"line":434,"column":41}},"212":{"start":{"line":435,"column":4},"end":{"line":435,"column":60}},"213":{"start":{"line":438,"column":4},"end":{"line":438,"column":43}},"214":{"start":{"line":441,"column":4},"end":{"line":441,"column":68}},"215":{"start":{"line":444,"column":4},"end":{"line":452,"column":5}},"216":{"start":{"line":445,"column":6},"end":{"line":445,"column":48}},"217":{"start":{"line":448,"column":6},"end":{"line":448,"column":28}},"218":{"start":{"line":449,"column":6},"end":{"line":449,"column":33}},"219":{"start":{"line":450,"column":6},"end":{"line":450,"column":22}},"220":{"start":{"line":451,"column":6},"end":{"line":451,"column":31}},"221":{"start":{"line":457,"column":21},"end":{"line":457,"column":34}},"222":{"start":{"line":458,"column":25},"end":{"line":458,"column":40}},"223":{"start":{"line":461,"column":25},"end":{"line":461,"column":85}},"224":{"start":{"line":462,"column":21},"end":{"line":462,"column":69}},"225":{"start":{"line":465,"column":4},"end":{"line":465,"column":53}},"226":{"start":{"line":466,"column":4},"end":{"line":466,"column":19}},"227":{"start":{"line":467,"column":4},"end":{"line":467,"column":25}},"228":{"start":{"line":468,"column":4},"end":{"line":468,"column":27}},"229":{"start":{"line":471,"column":4},"end":{"line":471,"column":34}},"230":{"start":{"line":474,"column":4},"end":{"line":474,"column":33}},"231":{"start":{"line":475,"column":4},"end":{"line":475,"column":41}},"232":{"start":{"line":478,"column":19},"end":{"line":478,"column":43}},"233":{"start":{"line":479,"column":4},"end":{"line":487,"column":5}},"234":{"start":{"line":480,"column":6},"end":{"line":480,"column":27}},"235":{"start":{"line":481,"column":6},"end":{"line":481,"column":46}},"236":{"start":{"line":482,"column":6},"end":{"line":482,"column":95}},"237":{"start":{"line":483,"column":6},"end":{"line":483,"column":49}},"238":{"start":{"line":486,"column":6},"end":{"line":486,"column":33}},"239":{"start":{"line":489,"column":4},"end":{"line":489,"column":45}},"240":{"start":{"line":491,"column":4},"end":{"line":491,"column":29}},"241":{"start":{"line":496,"column":4},"end":{"line":500,"column":5}},"242":{"start":{"line":497,"column":6},"end":{"line":499,"column":7}},"243":{"start":{"line":498,"column":8},"end":{"line":498,"column":24}},"244":{"start":{"line":501,"column":4},"end":{"line":501,"column":16}},"245":{"start":{"line":506,"column":23},"end":{"line":506,"column":24}},"246":{"start":{"line":508,"column":4},"end":{"line":520,"column":5}},"247":{"start":{"line":509,"column":19},"end":{"line":509,"column":45}},"248":{"start":{"line":510,"column":6},"end":{"line":519,"column":7}},"249":{"start":{"line":511,"column":26},"end":{"line":511,"column":41}},"250":{"start":{"line":512,"column":8},"end":{"line":512,"column":29}},"251":{"start":{"line":515,"column":8},"end":{"line":518,"column":9}},"252":{"start":{"line":516,"column":10},"end":{"line":516,"column":37}},"253":{"start":{"line":517,"column":10},"end":{"line":517,"column":105}},"254":{"start":{"line":525,"column":23},"end":{"line":525,"column":63}},"255":{"start":{"line":526,"column":20},"end":{"line":526,"column":58}},"256":{"start":{"line":527,"column":4},"end":{"line":527,"column":47}},"257":{"start":{"line":533,"column":4},"end":{"line":535,"column":5}},"258":{"start":{"line":534,"column":6},"end":{"line":534,"column":59}},"259":{"start":{"line":537,"column":4},"end":{"line":539,"column":5}},"260":{"start":{"line":538,"column":6},"end":{"line":538,"column":67}},"261":{"start":{"line":541,"column":4},"end":{"line":543,"column":5}},"262":{"start":{"line":542,"column":6},"end":{"line":542,"column":61}},"263":{"start":{"line":545,"column":4},"end":{"line":547,"column":5}},"264":{"start":{"line":546,"column":6},"end":{"line":546,"column":56}},"265":{"start":{"line":549,"column":4},"end":{"line":551,"column":5}},"266":{"start":{"line":550,"column":6},"end":{"line":550,"column":61}},"267":{"start":{"line":554,"column":23},"end":{"line":554,"column":49}},"268":{"start":{"line":555,"column":4},"end":{"line":557,"column":5}},"269":{"start":{"line":556,"column":6},"end":{"line":556,"column":70}},"270":{"start":{"line":560,"column":22},"end":{"line":560,"column":36}},"271":{"start":{"line":561,"column":20},"end":{"line":561,"column":65}},"272":{"start":{"line":562,"column":4},"end":{"line":562,"column":41}},"273":{"start":{"line":563,"column":4},"end":{"line":563,"column":19}},"274":{"start":{"line":564,"column":4},"end":{"line":564,"column":25}},"275":{"start":{"line":565,"column":4},"end":{"line":565,"column":27}},"276":{"start":{"line":568,"column":4},"end":{"line":568,"column":43}},"277":{"start":{"line":570,"column":4},"end":{"line":570,"column":67}},"278":{"start":{"line":573,"column":4},"end":{"line":573,"column":20}},"279":{"start":{"line":575,"column":4},"end":{"line":575,"column":29}},"280":{"start":{"line":580,"column":4},"end":{"line":580,"column":43}},"281":{"start":{"line":583,"column":4},"end":{"line":585,"column":5}},"282":{"start":{"line":584,"column":6},"end":{"line":584,"column":46}},"283":{"start":{"line":588,"column":4},"end":{"line":590,"column":5}},"284":{"start":{"line":589,"column":6},"end":{"line":589,"column":50}},"285":{"start":{"line":595,"column":4},"end":{"line":595,"column":44}},"286":{"start":{"line":596,"column":4},"end":{"line":596,"column":57}},"287":{"start":{"line":599,"column":4},"end":{"line":606,"column":7}},"288":{"start":{"line":600,"column":6},"end":{"line":602,"column":7}},"289":{"start":{"line":601,"column":8},"end":{"line":601,"column":48}},"290":{"start":{"line":603,"column":6},"end":{"line":605,"column":7}},"291":{"start":{"line":604,"column":8},"end":{"line":604,"column":52}},"292":{"start":{"line":611,"column":4},"end":{"line":620,"column":6}},"293":{"start":{"line":617,"column":85},"end":{"line":617,"column":90}},"294":{"start":{"line":618,"column":93},"end":{"line":618,"column":98}},"295":{"start":{"line":619,"column":83},"end":{"line":619,"column":88}},"296":{"start":{"line":625,"column":4},"end":{"line":625,"column":25}},"297":{"start":{"line":625,"column":15},"end":{"line":625,"column":25}},"298":{"start":{"line":626,"column":4},"end":{"line":626,"column":45}},"299":{"start":{"line":626,"column":28},"end":{"line":626,"column":45}},"300":{"start":{"line":627,"column":4},"end":{"line":627,"column":45}},"301":{"start":{"line":627,"column":28},"end":{"line":627,"column":45}},"302":{"start":{"line":628,"column":21},"end":{"line":628,"column":48}},"303":{"start":{"line":629,"column":4},"end":{"line":629,"column":37}},"304":{"start":{"line":634,"column":4},"end":{"line":640,"column":5}},"305":{"start":{"line":635,"column":16},"end":{"line":635,"column":27}},"306":{"start":{"line":636,"column":16},"end":{"line":636,"column":27}},"307":{"start":{"line":637,"column":16},"end":{"line":637,"column":27}},"308":{"start":{"line":638,"column":16},"end":{"line":638,"column":27}},"309":{"start":{"line":639,"column":15},"end":{"line":639,"column":25}},"310":{"start":{"line":645,"column":4},"end":{"line":667,"column":6}},"311":{"start":{"line":647,"column":39},"end":{"line":650,"column":7}},"312":{"start":{"line":672,"column":18},"end":{"line":672,"column":33}},"313":{"start":{"line":673,"column":4},"end":{"line":678,"column":6}},"314":{"start":{"line":683,"column":4},"end":{"line":683,"column":41}},"315":{"start":{"line":688,"column":4},"end":{"line":690,"column":5}},"316":{"start":{"line":689,"column":6},"end":{"line":689,"column":59}},"317":{"start":{"line":692,"column":4},"end":{"line":694,"column":5}},"318":{"start":{"line":693,"column":6},"end":{"line":693,"column":67}},"319":{"start":{"line":697,"column":4},"end":{"line":697,"column":36}},"320":{"start":{"line":700,"column":24},"end":{"line":700,"column":25}},"321":{"start":{"line":701,"column":4},"end":{"line":710,"column":5}},"322":{"start":{"line":701,"column":17},"end":{"line":701,"column":18}},"323":{"start":{"line":702,"column":19},"end":{"line":702,"column":34}},"324":{"start":{"line":703,"column":6},"end":{"line":703,"column":44}},"325":{"start":{"line":706,"column":6},"end":{"line":709,"column":7}},"326":{"start":{"line":707,"column":8},"end":{"line":707,"column":35}},"327":{"start":{"line":708,"column":8},"end":{"line":708,"column":98}},"328":{"start":{"line":712,"column":4},"end":{"line":712,"column":57}},"329":{"start":{"line":713,"column":4},"end":{"line":713,"column":29}},"330":{"start":{"line":718,"column":4},"end":{"line":720,"column":5}},"331":{"start":{"line":719,"column":6},"end":{"line":719,"column":59}},"332":{"start":{"line":723,"column":4},"end":{"line":730,"column":5}},"333":{"start":{"line":724,"column":6},"end":{"line":729,"column":7}},"334":{"start":{"line":725,"column":23},"end":{"line":725,"column":58}},"335":{"start":{"line":726,"column":8},"end":{"line":728,"column":9}},"336":{"start":{"line":727,"column":10},"end":{"line":727,"column":24}},"337":{"start":{"line":732,"column":4},"end":{"line":732,"column":52}},"338":{"start":{"line":733,"column":4},"end":{"line":733,"column":29}},"339":{"start":{"line":737,"column":0},"end":{"line":737,"column":31}}},"fnMap":{"0":{"name":"(anonymous_0)","decl":{"start":{"line":6,"column":2},"end":{"line":6,"column":3}},"loc":{"start":{"line":6,"column":22},"end":{"line":47,"column":3}},"line":6},"1":{"name":"(anonymous_1)","decl":{"start":{"line":50,"column":2},"end":{"line":50,"column":3}},"loc":{"start":{"line":50,"column":18},"end":{"line":64,"column":3}},"line":50},"2":{"name":"(anonymous_2)","decl":{"start":{"line":67,"column":2},"end":{"line":67,"column":3}},"loc":{"start":{"line":67,"column":15},"end":{"line":69,"column":3}},"line":67},"3":{"name":"(anonymous_3)","decl":{"start":{"line":72,"column":2},"end":{"line":72,"column":3}},"loc":{"start":{"line":72,"column":22},"end":{"line":87,"column":3}},"line":72},"4":{"name":"(anonymous_4)","decl":{"start":{"line":90,"column":2},"end":{"line":90,"column":3}},"loc":{"start":{"line":90,"column":25},"end":{"line":127,"column":3}},"line":90},"5":{"name":"(anonymous_5)","decl":{"start":{"line":91,"column":39},"end":{"line":91,"column":40}},"loc":{"start":{"line":91,"column":44},"end":{"line":91,"column":58}},"line":91},"6":{"name":"(anonymous_6)","decl":{"start":{"line":130,"column":2},"end":{"line":130,"column":3}},"loc":{"start":{"line":130,"column":14},"end":{"line":148,"column":3}},"line":130},"7":{"name":"(anonymous_7)","decl":{"start":{"line":151,"column":2},"end":{"line":151,"column":3}},"loc":{"start":{"line":151,"column":24},"end":{"line":163,"column":3}},"line":151},"8":{"name":"(anonymous_8)","decl":{"start":{"line":166,"column":2},"end":{"line":166,"column":3}},"loc":{"start":{"line":166,"column":24},"end":{"line":181,"column":3}},"line":166},"9":{"name":"(anonymous_9)","decl":{"start":{"line":184,"column":2},"end":{"line":184,"column":3}},"loc":{"start":{"line":184,"column":15},"end":{"line":200,"column":3}},"line":184},"10":{"name":"(anonymous_10)","decl":{"start":{"line":203,"column":2},"end":{"line":203,"column":3}},"loc":{"start":{"line":203,"column":16},"end":{"line":208,"column":3}},"line":203},"11":{"name":"(anonymous_11)","decl":{"start":{"line":211,"column":2},"end":{"line":211,"column":3}},"loc":{"start":{"line":211,"column":21},"end":{"line":215,"column":3}},"line":211},"12":{"name":"(anonymous_12)","decl":{"start":{"line":218,"column":2},"end":{"line":218,"column":3}},"loc":{"start":{"line":218,"column":14},"end":{"line":234,"column":3}},"line":218},"13":{"name":"(anonymous_13)","decl":{"start":{"line":237,"column":2},"end":{"line":237,"column":3}},"loc":{"start":{"line":237,"column":27},"end":{"line":257,"column":3}},"line":237},"14":{"name":"(anonymous_14)","decl":{"start":{"line":260,"column":2},"end":{"line":260,"column":3}},"loc":{"start":{"line":260,"column":31},"end":{"line":379,"column":3}},"line":260},"15":{"name":"(anonymous_15)","decl":{"start":{"line":297,"column":6},"end":{"line":297,"column":7}},"loc":{"start":{"line":297,"column":20},"end":{"line":297,"column":43}},"line":297},"16":{"name":"(anonymous_16)","decl":{"start":{"line":346,"column":43},"end":{"line":346,"column":44}},"loc":{"start":{"line":347,"column":10},"end":{"line":347,"column":64}},"line":347},"17":{"name":"(anonymous_17)","decl":{"start":{"line":365,"column":41},"end":{"line":365,"column":42}},"loc":{"start":{"line":366,"column":8},"end":{"line":366,"column":52}},"line":366},"18":{"name":"(anonymous_18)","decl":{"start":{"line":382,"column":2},"end":{"line":382,"column":3}},"loc":{"start":{"line":382,"column":45},"end":{"line":413,"column":3}},"line":382},"19":{"name":"(anonymous_19)","decl":{"start":{"line":384,"column":43},"end":{"line":384,"column":44}},"loc":{"start":{"line":385,"column":6},"end":{"line":385,"column":50}},"line":385},"20":{"name":"(anonymous_20)","decl":{"start":{"line":416,"column":2},"end":{"line":416,"column":3}},"loc":{"start":{"line":416,"column":41},"end":{"line":453,"column":3}},"line":416},"21":{"name":"(anonymous_21)","decl":{"start":{"line":420,"column":41},"end":{"line":420,"column":42}},"loc":{"start":{"line":421,"column":8},"end":{"line":421,"column":52}},"line":421},"22":{"name":"(anonymous_22)","decl":{"start":{"line":428,"column":21},"end":{"line":428,"column":22}},"loc":{"start":{"line":428,"column":31},"end":{"line":428,"column":36}},"line":428},"23":{"name":"(anonymous_23)","decl":{"start":{"line":428,"column":46},"end":{"line":428,"column":47}},"loc":{"start":{"line":428,"column":55},"end":{"line":430,"column":5}},"line":428},"24":{"name":"(anonymous_24)","decl":{"start":{"line":456,"column":2},"end":{"line":456,"column":3}},"loc":{"start":{"line":456,"column":49},"end":{"line":492,"column":3}},"line":456},"25":{"name":"(anonymous_25)","decl":{"start":{"line":495,"column":2},"end":{"line":495,"column":3}},"loc":{"start":{"line":495,"column":22},"end":{"line":502,"column":3}},"line":495},"26":{"name":"(anonymous_26)","decl":{"start":{"line":505,"column":2},"end":{"line":505,"column":3}},"loc":{"start":{"line":505,"column":24},"end":{"line":521,"column":3}},"line":505},"27":{"name":"(anonymous_27)","decl":{"start":{"line":524,"column":2},"end":{"line":524,"column":3}},"loc":{"start":{"line":524,"column":13},"end":{"line":528,"column":3}},"line":524},"28":{"name":"(anonymous_28)","decl":{"start":{"line":531,"column":2},"end":{"line":531,"column":3}},"loc":{"start":{"line":531,"column":23},"end":{"line":576,"column":3}},"line":531},"29":{"name":"(anonymous_29)","decl":{"start":{"line":579,"column":2},"end":{"line":579,"column":3}},"loc":{"start":{"line":579,"column":34},"end":{"line":591,"column":3}},"line":579},"30":{"name":"(anonymous_30)","decl":{"start":{"line":594,"column":2},"end":{"line":594,"column":3}},"loc":{"start":{"line":594,"column":36},"end":{"line":607,"column":3}},"line":594},"31":{"name":"(anonymous_31)","decl":{"start":{"line":599,"column":18},"end":{"line":599,"column":19}},"loc":{"start":{"line":599,"column":26},"end":{"line":606,"column":5}},"line":599},"32":{"name":"(anonymous_32)","decl":{"start":{"line":610,"column":2},"end":{"line":610,"column":3}},"loc":{"start":{"line":610,"column":17},"end":{"line":621,"column":3}},"line":610},"33":{"name":"(anonymous_33)","decl":{"start":{"line":617,"column":75},"end":{"line":617,"column":76}},"loc":{"start":{"line":617,"column":85},"end":{"line":617,"column":90}},"line":617},"34":{"name":"(anonymous_34)","decl":{"start":{"line":618,"column":83},"end":{"line":618,"column":84}},"loc":{"start":{"line":618,"column":93},"end":{"line":618,"column":98}},"line":618},"35":{"name":"(anonymous_35)","decl":{"start":{"line":619,"column":73},"end":{"line":619,"column":74}},"loc":{"start":{"line":619,"column":83},"end":{"line":619,"column":88}},"line":619},"36":{"name":"(anonymous_36)","decl":{"start":{"line":624,"column":2},"end":{"line":624,"column":3}},"loc":{"start":{"line":624,"column":19},"end":{"line":630,"column":3}},"line":624},"37":{"name":"(anonymous_37)","decl":{"start":{"line":633,"column":2},"end":{"line":633,"column":3}},"loc":{"start":{"line":633,"column":20},"end":{"line":641,"column":3}},"line":633},"38":{"name":"(anonymous_38)","decl":{"start":{"line":644,"column":2},"end":{"line":644,"column":3}},"loc":{"start":{"line":644,"column":13},"end":{"line":668,"column":3}},"line":644},"39":{"name":"(anonymous_39)","decl":{"start":{"line":647,"column":32},"end":{"line":647,"column":33}},"loc":{"start":{"line":647,"column":39},"end":{"line":650,"column":7}},"line":647},"40":{"name":"(anonymous_40)","decl":{"start":{"line":671,"column":2},"end":{"line":671,"column":3}},"loc":{"start":{"line":671,"column":27},"end":{"line":679,"column":3}},"line":671},"41":{"name":"(anonymous_41)","decl":{"start":{"line":682,"column":2},"end":{"line":682,"column":3}},"loc":{"start":{"line":682,"column":27},"end":{"line":684,"column":3}},"line":682},"42":{"name":"(anonymous_42)","decl":{"start":{"line":687,"column":2},"end":{"line":687,"column":3}},"loc":{"start":{"line":687,"column":33},"end":{"line":714,"column":3}},"line":687},"43":{"name":"(anonymous_43)","decl":{"start":{"line":717,"column":2},"end":{"line":717,"column":3}},"loc":{"start":{"line":717,"column":19},"end":{"line":734,"column":3}},"line":717}},"branchMap":{"0":{"loc":{"start":{"line":61,"column":4},"end":{"line":63,"column":5}},"type":"if","locations":[{"start":{"line":61,"column":4},"end":{"line":63,"column":5}},{"start":{},"end":{}}],"line":61},"1":{"loc":{"start":{"line":73,"column":4},"end":{"line":86,"column":5}},"type":"if","locations":[{"start":{"line":73,"column":4},"end":{"line":86,"column":5}},{"start":{},"end":{}}],"line":73},"2":{"loc":{"start":{"line":78,"column":6},"end":{"line":80,"column":7}},"type":"if","locations":[{"start":{"line":78,"column":6},"end":{"line":80,"column":7}},{"start":{},"end":{}}],"line":78},"3":{"loc":{"start":{"line":83,"column":6},"end":{"line":85,"column":7}},"type":"if","locations":[{"start":{"line":83,"column":6},"end":{"line":85,"column":7}},{"start":{},"end":{}}],"line":83},"4":{"loc":{"start":{"line":99,"column":4},"end":{"line":99,"column":76}},"type":"if","locations":[{"start":{"line":99,"column":4},"end":{"line":99,"column":76}},{"start":{},"end":{}}],"line":99},"5":{"loc":{"start":{"line":100,"column":4},"end":{"line":100,"column":80}},"type":"if","locations":[{"start":{"line":100,"column":4},"end":{"line":100,"column":80}},{"start":{},"end":{}}],"line":100},"6":{"loc":{"start":{"line":101,"column":4},"end":{"line":101,"column":82}},"type":"if","locations":[{"start":{"line":101,"column":4},"end":{"line":101,"column":82}},{"start":{},"end":{}}],"line":101},"7":{"loc":{"start":{"line":102,"column":4},"end":{"line":102,"column":82}},"type":"if","locations":[{"start":{"line":102,"column":4},"end":{"line":102,"column":82}},{"start":{},"end":{}}],"line":102},"8":{"loc":{"start":{"line":103,"column":4},"end":{"line":103,"column":90}},"type":"if","locations":[{"start":{"line":103,"column":4},"end":{"line":103,"column":90}},{"start":{},"end":{}}],"line":103},"9":{"loc":{"start":{"line":104,"column":4},"end":{"line":104,"column":80}},"type":"if","locations":[{"start":{"line":104,"column":4},"end":{"line":104,"column":80}},{"start":{},"end":{}}],"line":104},"10":{"loc":{"start":{"line":110,"column":4},"end":{"line":112,"column":5}},"type":"if","locations":[{"start":{"line":110,"column":4},"end":{"line":112,"column":5}},{"start":{},"end":{}}],"line":110},"11":{"loc":{"start":{"line":115,"column":4},"end":{"line":126,"column":5}},"type":"if","locations":[{"start":{"line":115,"column":4},"end":{"line":126,"column":5}},{"start":{},"end":{}}],"line":115},"12":{"loc":{"start":{"line":131,"column":4},"end":{"line":133,"column":5}},"type":"if","locations":[{"start":{"line":131,"column":4},"end":{"line":133,"column":5}},{"start":{},"end":{}}],"line":131},"13":{"loc":{"start":{"line":135,"column":4},"end":{"line":137,"column":5}},"type":"if","locations":[{"start":{"line":135,"column":4},"end":{"line":137,"column":5}},{"start":{},"end":{}}],"line":135},"14":{"loc":{"start":{"line":212,"column":4},"end":{"line":212,"column":39}},"type":"if","locations":[{"start":{"line":212,"column":4},"end":{"line":212,"column":39}},{"start":{},"end":{}}],"line":212},"15":{"loc":{"start":{"line":213,"column":4},"end":{"line":213,"column":39}},"type":"if","locations":[{"start":{"line":213,"column":4},"end":{"line":213,"column":39}},{"start":{},"end":{}}],"line":213},"16":{"loc":{"start":{"line":228,"column":8},"end":{"line":231,"column":9}},"type":"if","locations":[{"start":{"line":228,"column":8},"end":{"line":231,"column":9}},{"start":{},"end":{}}],"line":228},"17":{"loc":{"start":{"line":240,"column":4},"end":{"line":242,"column":5}},"type":"if","locations":[{"start":{"line":240,"column":4},"end":{"line":242,"column":5}},{"start":{},"end":{}}],"line":240},"18":{"loc":{"start":{"line":247,"column":4},"end":{"line":249,"column":5}},"type":"if","locations":[{"start":{"line":247,"column":4},"end":{"line":249,"column":5}},{"start":{},"end":{}}],"line":247},"19":{"loc":{"start":{"line":252,"column":4},"end":{"line":254,"column":5}},"type":"if","locations":[{"start":{"line":252,"column":4},"end":{"line":254,"column":5}},{"start":{},"end":{}}],"line":252},"20":{"loc":{"start":{"line":262,"column":4},"end":{"line":264,"column":5}},"type":"if","locations":[{"start":{"line":262,"column":4},"end":{"line":264,"column":5}},{"start":{},"end":{}}],"line":262},"21":{"loc":{"start":{"line":266,"column":4},"end":{"line":268,"column":5}},"type":"if","locations":[{"start":{"line":266,"column":4},"end":{"line":268,"column":5}},{"start":{},"end":{}}],"line":266},"22":{"loc":{"start":{"line":271,"column":4},"end":{"line":273,"column":5}},"type":"if","locations":[{"start":{"line":271,"column":4},"end":{"line":273,"column":5}},{"start":{},"end":{}}],"line":271},"23":{"loc":{"start":{"line":275,"column":4},"end":{"line":277,"column":5}},"type":"if","locations":[{"start":{"line":275,"column":4},"end":{"line":277,"column":5}},{"start":{},"end":{}}],"line":275},"24":{"loc":{"start":{"line":280,"column":4},"end":{"line":282,"column":5}},"type":"if","locations":[{"start":{"line":280,"column":4},"end":{"line":282,"column":5}},{"start":{},"end":{}}],"line":280},"25":{"loc":{"start":{"line":280,"column":8},"end":{"line":280,"column":46}},"type":"binary-expr","locations":[{"start":{"line":280,"column":8},"end":{"line":280,"column":19}},{"start":{"line":280,"column":23},"end":{"line":280,"column":46}}],"line":280},"26":{"loc":{"start":{"line":288,"column":4},"end":{"line":290,"column":5}},"type":"if","locations":[{"start":{"line":288,"column":4},"end":{"line":290,"column":5}},{"start":{},"end":{}}],"line":288},"27":{"loc":{"start":{"line":291,"column":4},"end":{"line":293,"column":5}},"type":"if","locations":[{"start":{"line":291,"column":4},"end":{"line":293,"column":5}},{"start":{},"end":{}}],"line":291},"28":{"loc":{"start":{"line":301,"column":4},"end":{"line":316,"column":5}},"type":"if","locations":[{"start":{"line":301,"column":4},"end":{"line":316,"column":5}},{"start":{},"end":{}}],"line":301},"29":{"loc":{"start":{"line":307,"column":6},"end":{"line":313,"column":7}},"type":"if","locations":[{"start":{"line":307,"column":6},"end":{"line":313,"column":7}},{"start":{},"end":{}}],"line":307},"30":{"loc":{"start":{"line":323,"column":4},"end":{"line":325,"column":5}},"type":"if","locations":[{"start":{"line":323,"column":4},"end":{"line":325,"column":5}},{"start":{},"end":{}}],"line":323},"31":{"loc":{"start":{"line":328,"column":4},"end":{"line":376,"column":5}},"type":"if","locations":[{"start":{"line":328,"column":4},"end":{"line":376,"column":5}},{"start":{"line":363,"column":11},"end":{"line":376,"column":5}}],"line":328},"32":{"loc":{"start":{"line":330,"column":6},"end":{"line":332,"column":7}},"type":"if","locations":[{"start":{"line":330,"column":6},"end":{"line":332,"column":7}},{"start":{},"end":{}}],"line":330},"33":{"loc":{"start":{"line":330,"column":10},"end":{"line":330,"column":48}},"type":"binary-expr","locations":[{"start":{"line":330,"column":10},"end":{"line":330,"column":27}},{"start":{"line":330,"column":31},"end":{"line":330,"column":48}}],"line":330},"34":{"loc":{"start":{"line":338,"column":31},"end":{"line":338,"column":55}},"type":"binary-expr","locations":[{"start":{"line":338,"column":31},"end":{"line":338,"column":50}},{"start":{"line":338,"column":54},"end":{"line":338,"column":55}}],"line":338},"35":{"loc":{"start":{"line":339,"column":8},"end":{"line":341,"column":9}},"type":"if","locations":[{"start":{"line":339,"column":8},"end":{"line":341,"column":9}},{"start":{},"end":{}}],"line":339},"36":{"loc":{"start":{"line":347,"column":10},"end":{"line":347,"column":64}},"type":"binary-expr","locations":[{"start":{"line":347,"column":10},"end":{"line":347,"column":35}},{"start":{"line":347,"column":39},"end":{"line":347,"column":64}}],"line":347},"37":{"loc":{"start":{"line":349,"column":8},"end":{"line":351,"column":9}},"type":"if","locations":[{"start":{"line":349,"column":8},"end":{"line":351,"column":9}},{"start":{},"end":{}}],"line":349},"38":{"loc":{"start":{"line":355,"column":6},"end":{"line":357,"column":7}},"type":"if","locations":[{"start":{"line":355,"column":6},"end":{"line":357,"column":7}},{"start":{},"end":{}}],"line":355},"39":{"loc":{"start":{"line":360,"column":6},"end":{"line":362,"column":7}},"type":"if","locations":[{"start":{"line":360,"column":6},"end":{"line":362,"column":7}},{"start":{},"end":{}}],"line":360},"40":{"loc":{"start":{"line":366,"column":8},"end":{"line":366,"column":52}},"type":"binary-expr","locations":[{"start":{"line":366,"column":8},"end":{"line":366,"column":28}},{"start":{"line":366,"column":32},"end":{"line":366,"column":52}}],"line":366},"41":{"loc":{"start":{"line":368,"column":6},"end":{"line":370,"column":7}},"type":"if","locations":[{"start":{"line":368,"column":6},"end":{"line":370,"column":7}},{"start":{},"end"
[...]
9":0,"220":0,"221":0,"222":0,"223":0,"224":0,"225":0,"226":0,"227":0,"228":0,"229":0,"230":0,"231":0,"232":0,"233":0,"234":0,"235":0,"236":0,"237":0,"238":0,"239":0,"240":0,"241":0,"242":0,"243":0,"244":0,"245":0,"246":0,"247":0,"248":0,"249":0,"250":0,"251":0,"252":0,"253":0,"254":5,"255":5,"256":5,"257":0,"258":0,"259":0,"260":0,"261":0,"262":0,"263":0,"264":0,"265":0,"266":0,"267":0,"268":0,"269":0,"270":0,"271":0,"272":0,"273":0,"274":0,"275":0,"276":0,"277":0,"278":0,"279":0,"280":0,"281":0,"282":0,"283":0,"284":0,"285":0,"286":0,"287":0,"288":0,"289":0,"290":0,"291":0,"292":166,"293":0,"294":0,"295":0,"296":1,"297":0,"298":1,"299":0,"300":1,"301":0,"302":1,"303":1,"304":1,"305":0,"306":1,"307":0,"308":0,"309":0,"310":166,"311":182,"312":0,"313":0,"314":0,"315":0,"316":0,"317":0,"318":0,"319":0,"320":0,"321":0,"322":0,"323":0,"324":0,"325":0,"326":0,"327":0,"328":0,"329":0,"330":0,"331":0,"332":0,"333":0,"334":0,"335":0,"336":0,"337":0,"338":0,"339":1},"f":{"0":138,"1":4,"2":0,"3":157,"4":9,"5":15,"6":1,"7":1,"8":1,"9":1,"10":1,"11":1,"12":1,"13":0,"14":0,"15":0,"16":0,"17":0,"18":0,"19":0,"20":0,"21":0,"22":0,"23":0,"24":0,"25":0,"26":0,"27":5,"28":0,"29":0,"30":0,"31":0,"32":166,"33":0,"34":0,"35":0,"36":1,"37":1,"38":166,"39":182,"40":0,"41":0,"42":0,"43":0},"b":{"0":[0,4],"1":[157,0],"2":[138,19],"3":[138,19],"4":[9,0],"5":[9,0],"6":[9,0],"7":[9,0],"8":[9,0],"9":[9,0],"10":[5,4],"11":[3,6],"12":[0,1],"13":[0,1],"14":[0,1],"15":[0,1],"16":[10,0],"17":[0,0],"18":[0,0],"19":[0,0],"20":[0,0],"21":[0,0],"22":[0,0],"23":[0,0],"24":[0,0],"25":[0,0],"26":[0,0],"27":[0,0],"28":[0,0],"29":[0,0],"30":[0,0],"31":[0,0],"32":[0,0],"33":[0,0],"34":[0,0],"35":[0,0],"36":[0,0],"37":[0,0],"38":[0,0],"39":[0,0],"40":[0,0],"41":[0,0],"42":[0,0],"43":[0,0],"44":[0,0],"45":[0,0],"46":[0,0],"47":[0,0],"48":[0,0],"49":[0,0],"50":[0,0],"51":[0,0],"52":[0,0],"53":[0,0],"54":[0,0],"55":[0,0],"56":[0,0],"57":[0,0],"58":[0,0],"59":[0,0],"60":[0,0],"61":[0,0],"62":[0,0],"63":[0,0],"64":[0,0],"65":[0,0],"66":[0,1],"67":[0,1],"68":[0,1],"69":[0,1,0,0,0],"70":[182,182],"71":[0,0],"72":[0,0],"73":[0,0],"74":[0,0],"75":[0,0],"76":[0,0],"77":[0,0],"78":[0,0],"79":[0,0],"80":[0,0],"81":[0,0]},"_coverageSchema":"1a1c01bbd47fc00a2c39e90264f33305004495a9","hash":"3bad769c8dc8aadafcdfbe2f9ca9ac76995dc3a3"}
,"/Users/amabayar/Code/test_project/server/roomManager.js": {"path":"/Users/amabayar/Code/test_project/server/roomManager.js","statementMap":{"0":{"start":{"line":1,"column":22},"end":{"line":1,"column":44}},"1":{"start":{"line":2,"column":19},"end":{"line":2,"column":38}},"2":{"start":{"line":6,"column":4},"end":{"line":6,"column":27}},"3":{"start":{"line":7,"column":4},"end":{"line":7,"column":33}},"4":{"start":{"line":10,"column":4},"end":{"line":10,"column":41}},"5":{"start":{"line":11,"column":4},"end":{"line":11,"column":40}},"6":{"start":{"line":14,"column":4},"end":{"line":14,"column":85}},"7":{"start":{"line":14,"column":45},"end":{"line":14,"column":76}},"8":{"start":{"line":19,"column":4},"end":{"line":22,"column":5}},"9":{"start":{"line":20,"column":6},"end":{"line":20,"column":42}},"10":{"start":{"line":21,"column":6},"end":{"line":21,"column":34}},"11":{"start":{"line":26,"column":4},"end":{"line":28,"column":5}},"12":{"start":{"line":27,"column":6},"end":{"line":27,"column":62}},"13":{"start":{"line":30,"column":22},"end":{"line":30,"column":46}},"14":{"start":{"line":31,"column":4},"end":{"line":31,"column":35}},"15":{"start":{"line":33,"column":4},"end":{"line":33,"column":38}},"16":{"start":{"line":34,"column":4},"end":{"line":34,"column":44}},"17":{"start":{"line":36,"column":4},"end":{"line":36,"column":61}},"18":{"start":{"line":37,"column":4},"end":{"line":37,"column":62}},"19":{"start":{"line":41,"column":22},"end":{"line":41,"column":44}},"20":{"start":{"line":42,"column":4},"end":{"line":44,"column":5}},"21":{"start":{"line":43,"column":6},"end":{"line":43,"column":57}},"22":{"start":{"line":46,"column":4},"end":{"line":48,"column":5}},"23":{"start":{"line":47,"column":6},"end":{"line":47,"column":63}},"24":{"start":{"line":51,"column":4},"end":{"line":69,"column":5}},"25":{"start":{"line":53,"column":6},"end":{"line":53,"column":36}},"26":{"start":{"line":54,"column":6},"end":{"line":54,"column":45}},"27":{"start":{"line":56,"column":6},"end":{"line":56,"column":86}},"28":{"start":{"line":57,"column":6},"end":{"line":57,"column":83}},"29":{"start":{"line":60,"column":6},"end":{"line":62,"column":7}},"30":{"start":{"line":61,"column":8},"end":{"line":61,"column":57}},"31":{"start":{"line":64,"column":6},"end":{"line":64,"column":36}},"32":{"start":{"line":65,"column":6},"end":{"line":65,"column":45}},"33":{"start":{"line":67,"column":6},"end":{"line":67,"column":58}},"34":{"start":{"line":68,"column":6},"end":{"line":68,"column":64}},"35":{"start":{"line":73,"column":19},"end":{"line":73,"column":49}},"36":{"start":{"line":74,"column":4},"end":{"line":74,"column":69}},"37":{"start":{"line":74,"column":17},"end":{"line":74,"column":69}},"38":{"start":{"line":76,"column":22},"end":{"line":76,"column":44}},"39":{"start":{"line":77,"column":4},"end":{"line":77,"column":71}},"40":{"start":{"line":77,"column":20},"end":{"line":77,"column":71}},"41":{"start":{"line":79,"column":4},"end":{"line":79,"column":37}},"42":{"start":{"line":80,"column":4},"end":{"line":80,"column":38}},"43":{"start":{"line":83,"column":4},"end":{"line":86,"column":5}},"44":{"start":{"line":84,"column":6},"end":{"line":84,"column":32}},"45":{"start":{"line":85,"column":6},"end":{"line":85,"column":56}},"46":{"start":{"line":88,"column":4},"end":{"line":88,"column":54}},"47":{"start":{"line":89,"column":4},"end":{"line":89,"column":70}},"48":{"start":{"line":93,"column":4},"end":{"line":93,"column":34}},"49":{"start":{"line":97,"column":4},"end":{"line":97,"column":42}},"50":{"start":{"line":101,"column":4},"end":{"line":101,"column":27}},"51":{"start":{"line":105,"column":4},"end":{"line":105,"column":33}},"52":{"start":{"line":110,"column":19},"end":{"line":110,"column":49}},"53":{"start":{"line":111,"column":4},"end":{"line":113,"column":5}},"54":{"start":{"line":112,"column":6},"end":{"line":112,"column":65}},"55":{"start":{"line":115,"column":22},"end":{"line":115,"column":44}},"56":{"start":{"line":116,"column":4},"end":{"line":119,"column":5}},"57":{"start":{"line":118,"column":6},"end":{"line":118,"column":38}},"58":{"start":{"line":122,"column":4},"end":{"line":126,"column":7}},"59":{"start":{"line":128,"column":4},"end":{"line":132,"column":7}},"60":{"start":{"line":134,"column":4},"end":{"line":134,"column":120}},"61":{"start":{"line":136,"column":4},"end":{"line":141,"column":6}},"62":{"start":{"line":146,"column":27},"end":{"line":146,"column":68}},"63":{"start":{"line":147,"column":4},"end":{"line":147,"column":37}},"64":{"start":{"line":147,"column":25},"end":{"line":147,"column":37}},"65":{"start":{"line":149,"column":32},"end":{"line":149,"column":74}},"66":{"start":{"line":150,"column":4},"end":{"line":154,"column":5}},"67":{"start":{"line":152,"column":6},"end":{"line":152,"column":51}},"68":{"start":{"line":153,"column":6},"end":{"line":153,"column":18}},"69":{"start":{"line":156,"column":4},"end":{"line":156,"column":26}},"70":{"start":{"line":161,"column":27},"end":{"line":161,"column":57}},"71":{"start":{"line":162,"column":4},"end":{"line":167,"column":5}},"72":{"start":{"line":163,"column":6},"end":{"line":166,"column":8}},"73":{"start":{"line":169,"column":23},"end":{"line":169,"column":37}},"74":{"start":{"line":170,"column":22},"end":{"line":170,"column":44}},"75":{"start":{"line":172,"column":4},"end":{"line":175,"column":5}},"76":{"start":{"line":173,"column":6},"end":{"line":173,"column":51}},"77":{"start":{"line":174,"column":6},"end":{"line":174,"column":64}},"78":{"start":{"line":178,"column":24},"end":{"line":178,"column":62}},"79":{"start":{"line":179,"column":4},"end":{"line":197,"column":5}},"80":{"start":{"line":180,"column":6},"end":{"line":180,"column":51}},"81":{"start":{"line":183,"column":6},"end":{"line":186,"column":7}},"82":{"start":{"line":184,"column":8},"end":{"line":184,"column":80}},"83":{"start":{"line":185,"column":8},"end":{"line":185,"column":50}},"84":{"start":{"line":189,"column":6},"end":{"line":191,"column":7}},"85":{"start":{"line":190,"column":8},"end":{"line":190,"column":46}},"86":{"start":{"line":194,"column":6},"end":{"line":196,"column":7}},"87":{"start":{"line":195,"column":8},"end":{"line":195,"column":42}},"88":{"start":{"line":200,"column":4},"end":{"line":200,"column":46}},"89":{"start":{"line":201,"column":4},"end":{"line":201,"column":41}},"90":{"start":{"line":204,"column":4},"end":{"line":204,"column":49}},"91":{"start":{"line":206,"column":4},"end":{"line":210,"column":7}},"92":{"start":{"line":212,"column":4},"end":{"line":212,"column":84}},"93":{"start":{"line":214,"column":4},"end":{"line":218,"column":6}},"94":{"start":{"line":223,"column":16},"end":{"line":223,"column":26}},"95":{"start":{"line":224,"column":21},"end":{"line":224,"column":23}},"96":{"start":{"line":226,"column":4},"end":{"line":241,"column":5}},"97":{"start":{"line":227,"column":6},"end":{"line":240,"column":7}},"98":{"start":{"line":228,"column":8},"end":{"line":228,"column":32}},"99":{"start":{"line":231,"column":26},"end":{"line":231,"column":53}},"100":{"start":{"line":232,"column":8},"end":{"line":239,"column":9}},"101":{"start":{"line":233,"column":10},"end":{"line":233,"column":43}},"102":{"start":{"line":234,"column":10},"end":{"line":237,"column":13}},"103":{"start":{"line":238,"column":10},"end":{"line":238,"column":96}},"104":{"start":{"line":243,"column":4},"end":{"line":246,"column":7}},"105":{"start":{"line":244,"column":6},"end":{"line":244,"column":48}},"106":{"start":{"line":245,"column":6},"end":{"line":245,"column":40}},"107":{"start":{"line":251,"column":27},"end":{"line":251,"column":29}},"108":{"start":{"line":252,"column":4},"end":{"line":263,"column":5}},"109":{"start":{"line":254,"column":6},"end":{"line":262,"column":7}},"110":{"start":{"line":255,"column":8},"end":{"line":261,"column":11}},"111":{"start":{"line":264,"column":4},"end":{"line":264,"column":26}},"112":{"start":{"line":268,"column":0},"end":{"line":268,"column":33}}},"fnMap":{"0":{"name":"(anonymous_0)","decl":{"start":{"line":5,"column":2},"end":{"line":5,"column":3}},"loc":{"start":{"line":5,"column":16},"end":{"line":15,"column":3}},"line":5},"1":{"name":"(anonymous_1)","decl":{"start":{"line":14,"column":39},"end":{"line":14,"column":40}},"loc":{"start":{"line":14,"column":45},"end":{"line":14,"column":76}},"line":14},"2":{"name":"(anonymous_2)","decl":{"start":{"line":18,"column":2},"end":{"line":18,"column":3}},"loc":{"start":{"line":18,"column":12},"end":{"line":23,"column":3}},"line":18},"3":{"name":"(anonymous_3)","decl":{"start":{"line":25,"column":2},"end":{"line":25,"column":3}},"loc":{"start":{"line":25,"column":32},"end":{"line":38,"column":3}},"line":25},"4":{"name":"(anonymous_4)","decl":{"start":{"line":40,"column":2},"end":{"line":40,"column":3}},"loc":{"start":{"line":40,"column":29},"end":{"line":70,"column":3}},"line":40},"5":{"name":"(anonymous_5)","decl":{"start":{"line":72,"column":2},"end":{"line":72,"column":3}},"loc":{"start":{"line":72,"column":22},"end":{"line":90,"column":3}},"line":72},"6":{"name":"(anonymous_6)","decl":{"start":{"line":92,"column":2},"end":{"line":92,"column":3}},"loc":{"start":{"line":92,"column":18},"end":{"line":94,"column":3}},"line":92},"7":{"name":"(anonymous_7)","decl":{"start":{"line":96,"column":2},"end":{"line":96,"column":3}},"loc":{"start":{"line":96,"column":26},"end":{"line":98,"column":3}},"line":96},"8":{"name":"(anonymous_8)","decl":{"start":{"line":100,"column":2},"end":{"line":100,"column":3}},"loc":{"start":{"line":100,"column":17},"end":{"line":102,"column":3}},"line":100},"9":{"name":"(anonymous_9)","decl":{"start":{"line":104,"column":2},"end":{"line":104,"column":3}},"loc":{"start":{"line":104,"column":20},"end":{"line":106,"column":3}},"line":104},"10":{"name":"(anonymous_10)","decl":{"start":{"line":109,"column":2},"end":{"line":109,"column":3}},"loc":{"start":{"line":109,"column":35},"end":{"line":142,"column":3}},"line":109},"11":{"name":"(anonymous_11)","decl":{"start":{"line":145,"column":2},"end":{"line":145,"column":3}},"loc":{"start":{"line":145,"column":28},"end":{"line":157,"column":3}},"line":145},"12":{"name":"(anonymous_12)","decl":{"start":{"line":160,"column":2},"end":{"line":160,"column":3}},"loc":{"start":{"line":160,"column":44},"end":{"line":219,"column":3}},"line":160},"13":{"name":"(anonymous_13)","decl":{"start":{"line":222,"column":2},"end":{"line":222,"column":3}},"loc":{"start":{"line":222,"column":29},"end":{"line":247,"column":3}},"line":222},"14":{"name":"(anonymous_14)","decl":{"start":{"line":243,"column":21},"end":{"line":243,"column":22}},"loc":{"start":{"line":243,"column":33},"end":{"line":246,"column":5}},"line":243},"15":{"name":"(anonymous_15)","decl":{"start":{"line":250,"column":2},"end":{"line":250,"column":3}},"loc":{"start":{"line":250,"column":22},"end":{"line":265,"column":3}},"line":250}},"branchMap":{"0":{"loc":{"start":{"line":19,"column":4},"end":{"line":22,"column":5}},"type":"if","locations":[{"start":{"line":19,"column":4},"end":{"line":22,"column":5}},{"start":{},"end":{}}],"line":19},"1":{"loc":{"start":{"line":26,"column":4},"end":{"line":28,"column":5}},"type":"if","locations":[{"start":{"line":26,"column":4},"end":{"line":28,"column":5}},{"start":{},"end":{}}],"line":26},"2":{"loc":{"start":{"line":42,"column":4},"end":{"line":44,"column":5}},"type":"if","locations":[{"start":{"line":42,"column":4},"end":{"line":44,"column":5}},{"start":{},"end":{}}],"line":42},"3":{"loc":{"start":{"line":46,"column":4},"end":{"line":48,"column":5}},"type":"if","locations":[{"start":{"line":46,"column":4},"end":{"line":48,"column":5}},{"start":{},"end":{}}],"line":46},"4":{"loc":{"start":{"line":51,"column":4},"end":{"line":69,"column":5}},"type":"if","locations":[{"start":{"line":51,"column":4},"end":{"line":69,"column":5}},{"start":{"line":58,"column":11},"end":{"line":69,"column":5}}],"line":51},"5":{"loc":{"start":{"line":60,"column":6},"end":{"line":62,"column":7}},"type":"if","locations":[{"start":{"line":60,"column":6},"end":{"line":62,"column":7}},{"start":{},"end":{}}],"line":60},"6":{"loc":{"start":{"line":74,"column":4},"end":{"line":74,"column":69}},"type":"if","locations":[{"start":{"line":74,"column":4},"end":{"line":74,"column":69}},{"start":{},"end":{}}],"line":74},"7":{"loc":{"start":{"line":77,"column":4},"end":{"line":77,"column":71}},"type":"if","locations":[{"start":{"line":77,"column":4},"end":{"line":77,"column":71}},{"start":{},"end":{}}],"line":77},"8":{"loc":{"start":{"line":83,"column":4},"end":{"line":86,"column":5}},"type":"if","locations":[{"start":{"line":83,"column":4},"end":{"line":86,"column":5}},{"start":{},"end":{}}],"line":83},"9":{"loc":{"start":{"line":111,"column":4},"end":{"line":113,"column":5}},"type":"if","locations":[{"start":{"line":111,"column":4},"end":{"line":113,"column":5}},{"start":{},"end":{}}],"line":111},"10":{"loc":{"start":{"line":116,"column":4},"end":{"line":119,"column":5}},"type":"if","locations":[{"start":{"line":116,"column":4},"end":{"line":119,"column":5}},{"start":{},"end":{}}],"line":116},"11":{"loc":{"start":{"line":116,"column":8},"end":{"line":116,"column":44}},"type":"binary-expr","locations":[{"start":{"line":116,"column":8},"end":{"line":116,"column":18}},{"start":{"line":116,"column":22},"end":{"line":116,"column":44}}],"line":116},"12":{"loc":{"start":{"line":147,"column":4},"end":{"line":147,"column":37}},"type":"if","locations":[{"start":{"line":147,"column":4},"end":{"line":147,"column":37}},{"start":{},"end":{}}],"line":147},"13":{"loc":{"start":{"line":150,"column":4},"end":{"line":154,"column":5}},"type":"if","locations":[{"start":{"line":150,"column":4},"end":{"line":154,"column":5}},{"start":{},"end":{}}],"line":150},"14":{"loc":{"start":{"line":162,"column":4},"end":{"line":167,"column":5}},"type":"if","locations":[{"start":{"line":162,"column":4},"end":{"line":167,"column":5}},{"start":{},"end":{}}],"line":162},"15":{"loc":{"start":{"line":172,"column":4},"end":{"line":175,"column":5}},"type":"if","locations":[{"start":{"line":172,"column":4},"end":{"line":175,"column":5}},{"start":{},"end":{}}],"line":172},"16":{"loc":{"start":{"line":179,"column":4},"end":{"line":197,"column":5}},"type":"if","locations":[{"start":{"line":179,"column":4},"end":{"line":197,"column":5}},{"start":{},"end":{}}],"line":179},"17":{"loc":{"start":{"line":183,"column":6},"end":{"line":186,"column":7}},"type":"if","locations":[{"start":{"line":183,"column":6},"end":{"line":186,"column":7}},{"start":{},"end":{}}],"line":183},"18":{"loc":{"start":{"line":189,"column":6},"end":{"line":191,"column":7}},"type":"if","locations":[{"start":{"line":189,"column":6},"end":{"line":191,"column":7}},{"start":{},"end":{}}],"line":189},"19":{"loc":{"start":{"line":194,"column":6},"end":{"line":196,"column":7}},"type":"if","locations":[{"start":{"line":194,"column":6},"end":{"line":196,"column":7}},{"start":{},"end":{}}],"line":194},"20":{"loc":{"start":{"line":227,"column":6},"end":{"line":240,"column":7}},"type":"if","locations":[{"start":{"line":227,"column":6},"end":{"line":240,"column":7}},{"start":{},"end":{}}],"line":227},"21":{"loc":{"start":{"line":232,"column":8},"end":{"line":239,"column":9}},"type":"if","locations":[{"start":{"line":232,"column":8},"end":{"line":239,"column":9}},{"start":{},"end":{}}],"line":232},"22":{"loc":{"start":{"line":254,"column":6},"end":{"line":262,"column":7}},"type":"if","locations":[{"start":{"line":254,"column":6},"end":{"line":262,"column":7}},{"start":{},"end":{}}],"line":254},"23":{"loc":{"start":{"line":254,"column":10},"end":{"line":254,"column":91}},"type":"binary-expr","locations":[{"start":{"line":254,"column":11},"end":{"line":254,"column":39}},{"start":{"line":254,"column":43},"end":{"line":254,"column":65}},{"start":{"line":254,"column":70},"end":{"line":254,"column":91}}],"line":254},"24":{"loc":{"start":{"line":258,"column":22},"end":{"line":258,"column":60}},"type":"cond-expr","locations":[{"start":{"line":258,"column":46},"end":{"line":258,"column":56}},{"start":{"line":258,"column":59},"end":{"line":258,"column":60}}],"line":258},"25":{"loc":{"start":{"line":260,"column":18},"end":{"line":260,"column":63}},"type":"cond-expr","locations":[{"start":{"line":260,"column":42},"end":{"line":260,"column":51}},{"start":{"line":260,"column":54},"end":{"line":260,"column":63}}],"line":260}},"s":{"0":1,"1":1,"2":33,"3":33,"4":33,"5":33,"6":33,"7":0,"8":0,"9":0,"10":0,"11":139,"12":1,"13":138,"14":138,"15":138,"16":138,"17":138,"18":138,"19":23,"20":23,"21":2,"22":21,"23":1,"24":20,"25":0,"26":0,"27":0,"28":0,"29":20,"30":1,"31":19,"32":19,"33":19,"34":19,"35":10,"36":10,"37":1,"38":9,"39":9,"40":0,"41":9,"42":9,"43":9,"44":3,"45":3,"46":9,"47":9,"48":11,"49":7,"50":7,"51":7,"52":4,"53":4,"54":1,"55":3,"56":3,"57":3,"58":0,"59":0,"60":0,"61":0,"62":0,"63":0,"64":0,"65":0,"66":0,"67":0,"68":0,"69":0,"70":0,"71":0,"72":0,"73":0,"74":0,"75":0,"76":0,"77":0,"78":0,"79":0,"80":0,"81":0,"82":0,"83":0,"84":0,"85":0,"86":0,"87":0,"88":0,"89":0,"90":0,"91":0,"92":0,"93":0,"94":0,"95":0,"96":0,"97":0,"98":0,"99":0,"100":0,"101":0,"102":0,"103":0,"104":0,"105":0,"106":0,"107":4,"108":4,"109":5,"110":3,"111":4,"112":1},"f":{"0":33,"1":0,"2":0,"3":139,"4":23,"5":10,"6":11,"7":7,"8":7,"9":7,"10":4,"11":0,"12":0,"13":0,"14":0,"15":4},"b":{"0":[0,0],"1":[1,138],"2":[2,21],"3":[1,20],"4":[0,20],"5":[1,19],"6":[1,9],"7":[0,9],"8":[3,6],"9":[1,3],"10":[3,0],"11":[3,3],"12":[0,0],"13":[0,0],"14":[0,0],"15":[0,0],"16":[0,0],"17":[0,0],"18":[0,0],"19":[0,0],"20":[0,0],"21":[0,0],"22":[3,2],"23":[5,2,3],"24":[1,2],"25":[1,2]},"_coverageSchema":"1a1c01bbd47fc00a2c39e90264f33305004495a9","hash":"fe2b0f6778bbb0ea9c96b004ad81dead254ec895"}
}
