TN:
SF:gameLogic.js
FN:13,isJoker
FN:17,isTrump
FN:23,jokerToTrumpSuit
FN:33,compareWithinSameSuit
FN:41,compareCards
FN:66,canBeat
FN:92,mustFollowSuit
FN:94,(anonymous_7)
FN:97,hasSuitInHand
FN:98,(anonymous_9)
FN:101,getCardsInSuit
FN:102,(anonymous_11)
FN:106,isCombo
FN:113,(anonymous_13)
FN:129,(anonymous_14)
FN:147,(anonymous_15)
FN:164,(anonymous_16)
FN:183,(anonymous_17)
FN:200,(anonymous_18)
FN:225,canBeatCombo
FN:230,(anonymous_20)
FN:231,(anonymous_21)
FN:242,canBeatComboByPosition
FN:255,canPlayCombo
FN:271,(anonymous_24)
FN:278,canPlayCard
FN:307,getComboPlayOrder
FN:308,(anonymous_27)
FN:312,determineTrickWinner
FNF:29
FNH:0
FNDA:0,isJoker
FNDA:0,isTrump
FNDA:0,jokerToTrumpSuit
FNDA:0,compareWithinSameSuit
FNDA:0,compareCards
FNDA:0,canBeat
FNDA:0,mustFollowSuit
FNDA:0,(anonymous_7)
FNDA:0,hasSuitInHand
FNDA:0,(anonymous_9)
FNDA:0,getCardsInSuit
FNDA:0,(anonymous_11)
FNDA:0,isCombo
FNDA:0,(anonymous_13)
FNDA:0,(anonymous_14)
FNDA:0,(anonymous_15)
FNDA:0,(anonymous_16)
FNDA:0,(anonymous_17)
FNDA:0,(anonymous_18)
FNDA:0,canBeatCombo
FNDA:0,(anonymous_20)
FNDA:0,(anonymous_21)
FNDA:0,canBeatComboByPosition
FNDA:0,canPlayCombo
FNDA:0,(anonymous_24)
FNDA:0,canPlayCard
FNDA:0,getComboPlayOrder
FNDA:0,(anonymous_27)
FNDA:0,determineTrickWinner
DA:5,1
DA:6,1
DA:7,1
DA:14,0
DA:18,0
DA:19,0
DA:20,0
DA:24,0
DA:25,0
DA:26,0
DA:27,0
DA:31,1
DA:34,0
DA:35,0
DA:36,0
DA:37,0
DA:38,0
DA:43,0
DA:44,0
DA:45,0
DA:47,0
DA:48,0
DA:50,0
DA:51,0
DA:52,0
DA:53,0
DA:55,0
DA:56,0
DA:59,0
DA:60,0
DA:63,0
DA:67,0
DA:70,0
DA:71,0
DA:75,0
DA:76,0
DA:78,0
DA:79,0
DA:81,0
DA:82,0
DA:84,0
DA:85,0
DA:86,0
DA:87,0
DA:89,0
DA:93,0
DA:94,0
DA:98,0
DA:102,0
DA:107,0
DA:110,0
DA:111,0
DA:113,0
DA:114,0
DA:115,0
DA:117,0
DA:122,0
DA:124,0
DA:129,0
DA:132,0
DA:133,0
DA:137,0
DA:139,0
DA:143,0
DA:147,0
DA:148,0
DA:149,0
DA:153,0
DA:155,0
DA:161,0
DA:164,0
DA:165,0
DA:167,0
DA:173,0
DA:174,0
DA:177,0
DA:178,0
DA:183,0
DA:186,0
DA:194,0
DA:196,0
DA:200,0
DA:203,0
DA:204,0
DA:209,0
DA:210,0
DA:215,0
DA:216,0
DA:219,0
DA:222,0
DA:226,0
DA:228,0
DA:230,0
DA:231,0
DA:233,0
DA:234,0
DA:235,0
DA:239,0
DA:243,0
DA:244,0
DA:246,0
DA:247,0
DA:248,0
DA:252,0
DA:256,0
DA:258,0
DA:259,0
DA:260,0
DA:263,0
DA:264,0
DA:267,0
DA:270,0
DA:271,0
DA:274,0
DA:279,0
DA:282,0
DA:284,0
DA:285,0
DA:288,0
DA:289,0
DA:292,0
DA:293,0
DA:296,0
DA:297,0
DA:299,0
DA:303,0
DA:308,0
DA:313,0
DA:315,0
DA:316,0
DA:318,0
DA:319,0
DA:320,0
DA:322,0
DA:325,0
DA:329,1
LF:136
LH:5
BRDA:14,0,0,0
BRDA:14,0,1,0
BRDA:14,0,2,0
BRDA:18,1,0,0
BRDA:18,1,1,0
BRDA:19,2,0,0
BRDA:19,2,1,0
BRDA:24,3,0,0
BRDA:24,3,1,0
BRDA:25,4,0,0
BRDA:25,4,1,0
BRDA:26,5,0,0
BRDA:26,5,1,0
BRDA:36,6,0,0
BRDA:36,6,1,0
BRDA:37,7,0,0
BRDA:37,7,1,0
BRDA:43,8,0,0
BRDA:43,8,1,0
BRDA:43,9,0,0
BRDA:43,9,1,0
BRDA:44,10,0,0
BRDA:44,10,1,0
BRDA:45,11,0,0
BRDA:45,11,1,0
BRDA:47,12,0,0
BRDA:47,12,1,0
BRDA:48,13,0,0
BRDA:48,13,1,0
BRDA:52,14,0,0
BRDA:52,14,1,0
BRDA:52,15,0,0
BRDA:52,15,1,0
BRDA:55,16,0,0
BRDA:55,16,1,0
BRDA:55,17,0,0
BRDA:55,17,1,0
BRDA:56,18,0,0
BRDA:56,18,1,0
BRDA:56,19,0,0
BRDA:56,19,1,0
BRDA:59,20,0,0
BRDA:59,20,1,0
BRDA:67,21,0,0
BRDA:67,21,1,0
BRDA:67,22,0,0
BRDA:67,22,1,0
BRDA:70,23,0,0
BRDA:70,23,1,0
BRDA:70,24,0,0
BRDA:70,24,1,0
BRDA:75,25,0,0
BRDA:75,25,1,0
BRDA:76,26,0,0
BRDA:76,26,1,0
BRDA:81,27,0,0
BRDA:81,27,1,0
BRDA:81,28,0,0
BRDA:81,28,1,0
BRDA:84,29,0,0
BRDA:84,29,1,0
BRDA:84,30,0,0
BRDA:84,30,1,0
BRDA:85,31,0,0
BRDA:85,31,1,0
BRDA:85,32,0,0
BRDA:85,32,1,0
BRDA:86,33,0,0
BRDA:86,33,1,0
BRDA:93,34,0,0
BRDA:93,34,1,0
BRDA:93,35,0,0
BRDA:93,35,1,0
BRDA:94,36,0,0
BRDA:94,36,1,0
BRDA:98,37,0,0
BRDA:98,37,1,0
BRDA:102,38,0,0
BRDA:102,38,1,0
BRDA:107,39,0,0
BRDA:107,39,1,0
BRDA:107,40,0,0
BRDA:107,40,1,0
BRDA:107,40,2,0
BRDA:114,41,0,0
BRDA:114,41,1,0
BRDA:117,42,0,0
BRDA:117,42,1,0
BRDA:124,43,0,0
BRDA:124,43,1,0
BRDA:132,44,0,0
BRDA:132,44,1,0
BRDA:137,45,0,0
BRDA:137,45,1,0
BRDA:143,46,0,0
BRDA:143,46,1,0
BRDA:148,47,0,0
BRDA:148,47,1,0
BRDA:155,48,0,0
BRDA:155,48,1,0
BRDA:165,49,0,0
BRDA:165,49,1,0
BRDA:177,50,0,0
BRDA:177,50,1,0
BRDA:186,51,0,0
BRDA:186,51,1,0
BRDA:194,52,0,0
BRDA:194,52,1,0
BRDA:203,53,0,0
BRDA:203,53,1,0
BRDA:209,54,0,0
BRDA:209,54,1,0
BRDA:209,55,0,0
BRDA:209,55,1,0
BRDA:215,56,0,0
BRDA:215,56,1,0
BRDA:226,57,0,0
BRDA:226,57,1,0
BRDA:226,58,0,0
BRDA:226,58,1,0
BRDA:228,59,0,0
BRDA:228,59,1,0
BRDA:234,60,0,0
BRDA:234,60,1,0
BRDA:243,61,0,0
BRDA:243,61,1,0
BRDA:243,62,0,0
BRDA:243,62,1,0
BRDA:244,63,0,0
BRDA:244,63,1,0
BRDA:247,64,0,0
BRDA:247,64,1,0
BRDA:256,65,0,0
BRDA:256,65,1,0
BRDA:258,66,0,0
BRDA:258,66,1,0
BRDA:259,67,0,0
BRDA:259,67,1,0
BRDA:259,68,0,0
BRDA:259,68,1,0
BRDA:263,69,0,0
BRDA:263,69,1,0
BRDA:270,70,0,0
BRDA:270,70,1,0
BRDA:270,71,0,0
BRDA:270,71,1,0
BRDA:270,71,2,0
BRDA:279,72,0,0
BRDA:279,72,1,0
BRDA:282,73,0,0
BRDA:282,73,1,0
BRDA:284,74,0,0
BRDA:284,74,1,0
BRDA:284,75,0,0
BRDA:284,75,1,0
BRDA:284,75,2,0
BRDA:288,76,0,0
BRDA:288,76,1,0
BRDA:288,77,0,0
BRDA:288,77,1,0
BRDA:292,78,0,0
BRDA:292,78,1,0
BRDA:296,79,0,0
BRDA:296,79,1,0
BRDA:313,80,0,0
BRDA:313,80,1,0
BRDA:313,81,0,0
BRDA:313,81,1,0
BRDA:316,82,0,0
BRDA:316,82,1,0
BRDA:316,83,0,0
BRDA:316,83,1,0
BRDA:320,84,0,0
BRDA:320,84,1,0
BRDA:320,85,0,0
BRDA:320,85,1,0
BRF:176
BRH:0
end_of_record
TN:
SF:gameState.js
FN:6,(anonymous_0)
FN:50,(anonymous_1)
FN:67,(anonymous_2)
FN:72,(anonymous_3)
FN:90,(anonymous_4)
FN:91,(anonymous_5)
FN:130,(anonymous_6)
FN:151,(anonymous_7)
FN:166,(anonymous_8)
FN:184,(anonymous_9)
FN:203,(anonymous_10)
FN:211,(anonymous_11)
FN:218,(anonymous_12)
FN:237,(anonymous_13)
FN:260,(anonymous_14)
FN:297,(anonymous_15)
FN:346,(anonymous_16)
FN:365,(anonymous_17)
FN:382,(anonymous_18)
FN:384,(anonymous_19)
FN:416,(anonymous_20)
FN:420,(anonymous_21)
FN:428,(anonymous_22)
FN:428,(anonymous_23)
FN:456,(anonymous_24)
FN:495,(anonymous_25)
FN:505,(anonymous_26)
FN:524,(anonymous_27)
FN:531,(anonymous_28)
FN:579,(anonymous_29)
FN:594,(anonymous_30)
FN:599,(anonymous_31)
FN:610,(anonymous_32)
FN:617,(anonymous_33)
FN:618,(anonymous_34)
FN:619,(anonymous_35)
FN:624,(anonymous_36)
FN:633,(anonymous_37)
FN:644,(anonymous_38)
FN:647,(anonymous_39)
FN:671,(anonymous_40)
FN:682,(anonymous_41)
FN:687,(anonymous_42)
FN:717,(anonymous_43)
FNF:44
FNH:18
FNDA:138,(anonymous_0)
FNDA:4,(anonymous_1)
FNDA:0,(anonymous_2)
FNDA:157,(anonymous_3)
FNDA:9,(anonymous_4)
FNDA:15,(anonymous_5)
FNDA:1,(anonymous_6)
FNDA:1,(anonymous_7)
FNDA:1,(anonymous_8)
FNDA:1,(anonymous_9)
FNDA:1,(anonymous_10)
FNDA:1,(anonymous_11)
FNDA:1,(anonymous_12)
FNDA:0,(anonymous_13)
FNDA:0,(anonymous_14)
FNDA:0,(anonymous_15)
FNDA:0,(anonymous_16)
FNDA:0,(anonymous_17)
FNDA:0,(anonymous_18)
FNDA:0,(anonymous_19)
FNDA:0,(anonymous_20)
FNDA:0,(anonymous_21)
FNDA:0,(anonymous_22)
FNDA:0,(anonymous_23)
FNDA:0,(anonymous_24)
FNDA:0,(anonymous_25)
FNDA:0,(anonymous_26)
FNDA:5,(anonymous_27)
FNDA:0,(anonymous_28)
FNDA:0,(anonymous_29)
FNDA:0,(anonymous_30)
FNDA:0,(anonymous_31)
FNDA:166,(anonymous_32)
FNDA:0,(anonymous_33)
FNDA:0,(anonymous_34)
FNDA:0,(anonymous_35)
FNDA:1,(anonymous_36)
FNDA:1,(anonymous_37)
FNDA:166,(anonymous_38)
FNDA:182,(anonymous_39)
FNDA:0,(anonymous_40)
FNDA:0,(anonymous_41)
FNDA:0,(anonymous_42)
FNDA:0,(anonymous_43)
DA:2,1
DA:3,1
DA:7,138
DA:8,138
DA:9,138
DA:10,138
DA:11,138
DA:12,138
DA:13,138
DA:14,138
DA:15,138
DA:16,138
DA:17,138
DA:18,138
DA:19,138
DA:20,138
DA:21,138
DA:22,138
DA:23,138
DA:24,138
DA:27,138
DA:28,138
DA:31,138
DA:32,138
DA:35,138
DA:51,4
DA:52,4
DA:55,4
DA:58,4
DA:61,4
DA:62,0
DA:68,0
DA:73,157
DA:74,157
DA:75,157
DA:78,157
DA:79,138
DA:83,157
DA:84,138
DA:91,15
DA:92,9
DA:95,9
DA:96,9
DA:99,9
DA:100,9
DA:101,9
DA:102,9
DA:103,9
DA:104,9
DA:107,9
DA:110,9
DA:111,5
DA:115,9
DA:116,3
DA:117,3
DA:118,3
DA:119,3
DA:120,3
DA:123,3
DA:124,3
DA:125,3
DA:131,1
DA:132,0
DA:135,1
DA:136,0
DA:139,1
DA:140,1
DA:141,1
DA:142,1
DA:144,1
DA:145,1
DA:147,1
DA:152,1
DA:153,1
DA:155,1
DA:156,2
DA:157,2
DA:158,2
DA:159,2
DA:160,2
DA:161,2
DA:168,1
DA:169,1
DA:172,1
DA:173,1
DA:174,1
DA:177,1
DA:179,1
DA:180,1
DA:185,1
DA:186,1
DA:187,1
DA:189,1
DA:190,4
DA:191,40
DA:196,1
DA:197,1
DA:199,1
DA:204,1
DA:205,41
DA:206,41
DA:212,1
DA:213,1
DA:214,1
DA:219,1
DA:222,1
DA:223,2
DA:226,1
DA:227,5
DA:228,10
DA:229,10
DA:230,10
DA:239,0
DA:240,0
DA:241,0
DA:244,0
DA:247,0
DA:248,0
DA:252,0
DA:253,0
DA:256,0
DA:262,0
DA:263,0
DA:266,0
DA:267,0
DA:271,0
DA:272,0
DA:275,0
DA:276,0
DA:279,0
DA:280,0
DA:281,0
DA:285,0
DA:288,0
DA:289,0
DA:291,0
DA:292,0
DA:296,0
DA:297,0
DA:301,0
DA:303,0
DA:304,0
DA:307,0
DA:308,0
DA:312,0
DA:315,0
DA:319,0
DA:320,0
DA:323,0
DA:324,0
DA:328,0
DA:330,0
DA:331,0
DA:335,0
DA:336,0
DA:337,0
DA:338,0
DA:339,0
DA:340,0
DA:345,0
DA:346,0
DA:347,0
DA:349,0
DA:350,0
DA:355,0
DA:356,0
DA:360,0
DA:361,0
DA:365,0
DA:366,0
DA:368,0
DA:369,0
DA:373,0
DA:374,0
DA:378,0
DA:384,0
DA:385,0
DA:389,0
DA:390,0
DA:393,0
DA:394,0
DA:395,0
DA:398,0
DA:401,0
DA:404,0
DA:405,0
DA:408,0
DA:409,0
DA:410,0
DA:411,0
DA:418,0
DA:419,0
DA:420,0
DA:421,0
DA:423,0
DA:427,0
DA:428,0
DA:429,0
DA:433,0
DA:434,0
DA:435,0
DA:438,0
DA:441,0
DA:444,0
DA:445,0
DA:448,0
DA:449,0
DA:450,0
DA:451,0
DA:457,0
DA:458,0
DA:461,0
DA:462,0
DA:465,0
DA:466,0
DA:467,0
DA:468,0
DA:471,0
DA:474,0
DA:475,0
DA:478,0
DA:479,0
DA:480,0
DA:481,0
DA:482,0
DA:483,0
DA:486,0
DA:489,0
DA:491,0
DA:496,0
DA:497,0
DA:498,0
DA:501,0
DA:506,0
DA:508,0
DA:509,0
DA:510,0
DA:511,0
DA:512,0
DA:515,0
DA:516,0
DA:517,0
DA:525,5
DA:526,5
DA:527,5
DA:533,0
DA:534,0
DA:537,0
DA:538,0
DA:541,0
DA:542,0
DA:545,0
DA:546,0
DA:549,0
DA:550,0
DA:554,0
DA:555,0
DA:556,0
DA:560,0
DA:561,0
DA:562,0
DA:563,0
DA:564,0
DA:565,0
DA:568,0
DA:570,0
DA:573,0
DA:575,0
DA:580,0
DA:583,0
DA:584,0
DA:588,0
DA:589,0
DA:595,0
DA:596,0
DA:599,0
DA:600,0
DA:601,0
DA:603,0
DA:604,0
DA:611,166
DA:617,0
DA:618,0
DA:619,0
DA:625,1
DA:626,1
DA:627,1
DA:628,1
DA:629,1
DA:634,1
DA:635,0
DA:636,1
DA:637,0
DA:638,0
DA:639,0
DA:645,166
DA:647,182
DA:672,0
DA:673,0
DA:683,0
DA:688,0
DA:689,0
DA:692,0
DA:693,0
DA:697,0
DA:700,0
DA:701,0
DA:702,0
DA:703,0
DA:706,0
DA:707,0
DA:708,0
DA:712,0
DA:713,0
DA:718,0
DA:719,0
DA:723,0
DA:724,0
DA:725,0
DA:726,0
DA:727,0
DA:732,0
DA:733,0
DA:737,1
LF:324
LH:122
BRDA:61,0,0,0
BRDA:61,0,1,4
BRDA:73,1,0,157
BRDA:73,1,1,0
BRDA:78,2,0,138
BRDA:78,2,1,19
BRDA:83,3,0,138
BRDA:83,3,1,19
BRDA:99,4,0,9
BRDA:99,4,1,0
BRDA:100,5,0,9
BRDA:100,5,1,0
BRDA:101,6,0,9
BRDA:101,6,1,0
BRDA:102,7,0,9
BRDA:102,7,1,0
BRDA:103,8,0,9
BRDA:103,8,1,0
BRDA:104,9,0,9
BRDA:104,9,1,0
BRDA:110,10,0,5
BRDA:110,10,1,4
BRDA:115,11,0,3
BRDA:115,11,1,6
BRDA:131,12,0,0
BRDA:131,12,1,1
BRDA:135,13,0,0
BRDA:135,13,1,1
BRDA:212,14,0,0
BRDA:212,14,1,1
BRDA:213,15,0,0
BRDA:213,15,1,1
BRDA:228,16,0,10
BRDA:228,16,1,0
BRDA:240,17,0,0
BRDA:240,17,1,0
BRDA:247,18,0,0
BRDA:247,18,1,0
BRDA:252,19,0,0
BRDA:252,19,1,0
BRDA:262,20,0,0
BRDA:262,20,1,0
BRDA:266,21,0,0
BRDA:266,21,1,0
BRDA:271,22,0,0
BRDA:271,22,1,0
BRDA:275,23,0,0
BRDA:275,23,1,0
BRDA:280,24,0,0
BRDA:280,24,1,0
BRDA:280,25,0,0
BRDA:280,25,1,0
BRDA:288,26,0,0
BRDA:288,26,1,0
BRDA:291,27,0,0
BRDA:291,27,1,0
BRDA:301,28,0,0
BRDA:301,28,1,0
BRDA:307,29,0,0
BRDA:307,29,1,0
BRDA:323,30,0,0
BRDA:323,30,1,0
BRDA:328,31,0,0
BRDA:328,31,1,0
BRDA:330,32,0,0
BRDA:330,32,1,0
BRDA:330,33,0,0
BRDA:330,33,1,0
BRDA:338,34,0,0
BRDA:338,34,1,0
BRDA:339,35,0,0
BRDA:339,35,1,0
BRDA:347,36,0,0
BRDA:347,36,1,0
BRDA:349,37,0,0
BRDA:349,37,1,0
BRDA:355,38,0,0
BRDA:355,38,1,0
BRDA:360,39,0,0
BRDA:360,39,1,0
BRDA:366,40,0,0
BRDA:366,40,1,0
BRDA:368,41,0,0
BRDA:368,41,1,0
BRDA:373,42,0,0
BRDA:373,42,1,0
BRDA:385,43,0,0
BRDA:385,43,1,0
BRDA:404,44,0,0
BRDA:404,44,1,0
BRDA:421,45,0,0
BRDA:421,45,1,0
BRDA:444,46,0,0
BRDA:444,46,1,0
BRDA:462,47,0,0
BRDA:462,47,1,0
BRDA:479,48,0,0
BRDA:479,48,1,0
BRDA:497,49,0,0
BRDA:497,49,1,0
BRDA:510,50,0,0
BRDA:510,50,1,0
BRDA:515,51,0,0
BRDA:515,51,1,0
BRDA:515,52,0,0
BRDA:515,52,1,0
BRDA:533,53,0,0
BRDA:533,53,1,0
BRDA:537,54,0,0
BRDA:537,54,1,0
BRDA:541,55,0,0
BRDA:541,55,1,0
BRDA:545,56,0,0
BRDA:545,56,1,0
BRDA:549,57,0,0
BRDA:549,57,1,0
BRDA:555,58,0,0
BRDA:555,58,1,0
BRDA:555,59,0,0
BRDA:555,59,1,0
BRDA:583,60,0,0
BRDA:583,60,1,0
BRDA:583,61,0,0
BRDA:583,61,1,0
BRDA:588,62,0,0
BRDA:588,62,1,0
BRDA:600,63,0,0
BRDA:600,63,1,0
BRDA:600,64,0,0
BRDA:600,64,1,0
BRDA:603,65,0,0
BRDA:603,65,1,0
BRDA:625,66,0,0
BRDA:625,66,1,1
BRDA:626,67,0,0
BRDA:626,67,1,1
BRDA:627,68,0,0
BRDA:627,68,1,1
BRDA:634,69,0,0
BRDA:634,69,1,1
BRDA:634,69,2,0
BRDA:634,69,3,0
BRDA:634,69,4,0
BRDA:649,70,0,182
BRDA:649,70,1,182
BRDA:676,71,0,0
BRDA:676,71,1,0
BRDA:688,72,0,0
BRDA:688,72,1,0
BRDA:692,73,0,0
BRDA:692,73,1,0
BRDA:692,74,0,0
BRDA:692,74,1,0
BRDA:701,75,0,0
BRDA:701,75,1,0
BRDA:706,76,0,0
BRDA:706,76,1,0
BRDA:706,77,0,0
BRDA:706,77,1,0
BRDA:718,78,0,0
BRDA:718,78,1,0
BRDA:724,79,0,0
BRDA:724,79,1,0
BRDA:724,80,0,0
BRDA:724,80,1,0
BRDA:726,81,0,0
BRDA:726,81,1,0
BRF:167
BRH:27
end_of_record
TN:
SF:roomManager.js
FN:5,(anonymous_0)
FN:14,(anonymous_1)
FN:18,(anonymous_2)
FN:25,(anonymous_3)
FN:40,(anonymous_4)
FN:72,(anonymous_5)
FN:92,(anonymous_6)
FN:96,(anonymous_7)
FN:100,(anonymous_8)
FN:104,(anonymous_9)
FN:109,(anonymous_10)
FN:145,(anonymous_11)
FN:160,(anonymous_12)
FN:222,(anonymous_13)
FN:243,(anonymous_14)
FN:250,(anonymous_15)
FNF:16
FNH:10
FNDA:33,(anonymous_0)
FNDA:0,(anonymous_1)
FNDA:0,(anonymous_2)
FNDA:139,(anonymous_3)
FNDA:23,(anonymous_4)
FNDA:10,(anonymous_5)
FNDA:11,(anonymous_6)
FNDA:7,(anonymous_7)
FNDA:7,(anonymous_8)
FNDA:7,(anonymous_9)
FNDA:4,(anonymous_10)
FNDA:0,(anonymous_11)
FNDA:0,(anonymous_12)
FNDA:0,(anonymous_13)
FNDA:0,(anonymous_14)
FNDA:4,(anonymous_15)
DA:1,1
DA:2,1
DA:6,33
DA:7,33
DA:10,33
DA:11,33
DA:14,33
DA:19,0
DA:20,0
DA:21,0
DA:26,139
DA:27,1
DA:30,138
DA:31,138
DA:33,138
DA:34,138
DA:36,138
DA:37,138
DA:41,23
DA:42,23
DA:43,2
DA:46,21
DA:47,1
DA:51,20
DA:53,0
DA:54,0
DA:56,0
DA:57,0
DA:60,20
DA:61,1
DA:64,19
DA:65,19
DA:67,19
DA:68,19
DA:73,10
DA:74,10
DA:76,9
DA:77,9
DA:79,9
DA:80,9
DA:83,9
DA:84,3
DA:85,3
DA:88,9
DA:89,9
DA:93,11
DA:97,7
DA:101,7
DA:105,7
DA:110,4
DA:111,4
DA:112,1
DA:115,3
DA:116,3
DA:118,3
DA:122,0
DA:128,0
DA:134,0
DA:136,0
DA:146,0
DA:147,0
DA:149,0
DA:150,0
DA:152,0
DA:153,0
DA:156,0
DA:161,0
DA:162,0
DA:163,0
DA:169,0
DA:170,0
DA:172,0
DA:173,0
DA:174,0
DA:178,0
DA:179,0
DA:180,0
DA:183,0
DA:184,0
DA:185,0
DA:189,0
DA:190,0
DA:194,0
DA:195,0
DA:200,0
DA:201,0
DA:204,0
DA:206,0
DA:212,0
DA:214,0
DA:223,0
DA:224,0
DA:226,0
DA:227,0
DA:228,0
DA:231,0
DA:232,0
DA:233,0
DA:234,0
DA:238,0
DA:243,0
DA:244,0
DA:245,0
DA:251,4
DA:252,4
DA:254,5
DA:255,3
DA:264,4
DA:268,1
LF:109
LH:54
BRDA:19,0,0,0
BRDA:19,0,1,0
BRDA:26,1,0,1
BRDA:26,1,1,138
BRDA:42,2,0,2
BRDA:42,2,1,21
BRDA:46,3,0,1
BRDA:46,3,1,20
BRDA:51,4,0,0
BRDA:51,4,1,20
BRDA:60,5,0,1
BRDA:60,5,1,19
BRDA:74,6,0,1
BRDA:74,6,1,9
BRDA:77,7,0,0
BRDA:77,7,1,9
BRDA:83,8,0,3
BRDA:83,8,1,6
BRDA:111,9,0,1
BRDA:111,9,1,3
BRDA:116,10,0,3
BRDA:116,10,1,0
BRDA:116,11,0,3
BRDA:116,11,1,3
BRDA:147,12,0,0
BRDA:147,12,1,0
BRDA:150,13,0,0
BRDA:150,13,1,0
BRDA:162,14,0,0
BRDA:162,14,1,0
BRDA:172,15,0,0
BRDA:172,15,1,0
BRDA:179,16,0,0
BRDA:179,16,1,0
BRDA:183,17,0,0
BRDA:183,17,1,0
BRDA:189,18,0,0
BRDA:189,18,1,0
BRDA:194,19,0,0
BRDA:194,19,1,0
BRDA:227,20,0,0
BRDA:227,20,1,0
BRDA:232,21,0,0
BRDA:232,21,1,0
BRDA:254,22,0,3
BRDA:254,22,1,2
BRDA:254,23,0,5
BRDA:254,23,1,2
BRDA:254,23,2,3
BRDA:258,24,0,1
BRDA:258,24,1,2
BRDA:260,25,0,1
BRDA:260,25,1,2
BRF:53
BRH:28
end_of_record
